{"/Users/aeao/aeao-proiets/bloc3/frontend/src/App.js": {"path":"/Users/aeao/aeao-proiets/bloc3/frontend/src/App.js","statementMap":{"0":{"start":{"line":38,"column":2},"end":{"line":76,"column":4}}},"fnMap":{"0":{"name":"App","decl":{"start":{"line":37,"column":9},"end":{"line":37,"column":12}},"loc":{"start":{"line":37,"column":15},"end":{"line":77,"column":1}},"line":37}},"branchMap":{},"s":{"0":0},"f":{"0":0},"b":{}}
,"/Users/aeao/aeao-proiets/bloc3/frontend/src/index.js": {"path":"/Users/aeao/aeao-proiets/bloc3/frontend/src/index.js","statementMap":{"0":{"start":{"line":8,"column":13},"end":{"line":8,"column":65}},"1":{"start":{"line":9,"column":0},"end":{"line":13,"column":2}},"2":{"start":{"line":15,"column":0},"end":{"line":15,"column":18}}},"fnMap":{},"branchMap":{},"s":{"0":0,"1":0,"2":0},"f":{},"b":{}}
,"/Users/aeao/aeao-proiets/bloc3/frontend/src/reportWebVitals.js": {"path":"/Users/aeao/aeao-proiets/bloc3/frontend/src/reportWebVitals.js","statementMap":{"0":{"start":{"line":1,"column":24},"end":{"line":11,"column":1}},"1":{"start":{"line":2,"column":2},"end":{"line":10,"column":3}},"2":{"start":{"line":3,"column":4},"end":{"line":9,"column":7}},"3":{"start":{"line":4,"column":6},"end":{"line":4,"column":26}},"4":{"start":{"line":5,"column":6},"end":{"line":5,"column":26}},"5":{"start":{"line":6,"column":6},"end":{"line":6,"column":26}},"6":{"start":{"line":7,"column":6},"end":{"line":7,"column":26}},"7":{"start":{"line":8,"column":6},"end":{"line":8,"column":27}}},"fnMap":{"0":{"name":"(anonymous_0)","decl":{"start":{"line":1,"column":24},"end":{"line":1,"column":25}},"loc":{"start":{"line":1,"column":41},"end":{"line":11,"column":1}},"line":1},"1":{"name":"(anonymous_1)","decl":{"start":{"line":3,"column":30},"end":{"line":3,"column":31}},"loc":{"start":{"line":3,"column":79},"end":{"line":9,"column":5}},"line":3}},"branchMap":{"0":{"loc":{"start":{"line":2,"column":2},"end":{"line":10,"column":3}},"type":"if","locations":[{"start":{"line":2,"column":2},"end":{"line":10,"column":3}},{"start":{},"end":{}}],"line":2},"1":{"loc":{"start":{"line":2,"column":6},"end":{"line":2,"column":52}},"type":"binary-expr","locations":[{"start":{"line":2,"column":6},"end":{"line":2,"column":17}},{"start":{"line":2,"column":21},"end":{"line":2,"column":52}}],"line":2}},"s":{"0":0,"1":0,"2":0,"3":0,"4":0,"5":0,"6":0,"7":0},"f":{"0":0,"1":0},"b":{"0":[0,0],"1":[0,0]}}
,"/Users/aeao/aeao-proiets/bloc3/frontend/src/components/CookieConsent.js": {"path":"/Users/aeao/aeao-proiets/bloc3/frontend/src/components/CookieConsent.js","statementMap":{"0":{"start":{"line":6,"column":22},"end":{"line":248,"column":1}},"1":{"start":{"line":7,"column":26},"end":{"line":7,"column":41}},"2":{"start":{"line":8,"column":40},"end":{"line":13,"column":4}},"3":{"start":{"line":14,"column":34},"end":{"line":14,"column":49}},"4":{"start":{"line":16,"column":2},"end":{"line":32,"column":9}},"5":{"start":{"line":18,"column":20},"end":{"line":18,"column":57}},"6":{"start":{"line":19,"column":4},"end":{"line":31,"column":5}},"7":{"start":{"line":21,"column":6},"end":{"line":21,"column":20}},"8":{"start":{"line":24,"column":6},"end":{"line":30,"column":7}},"9":{"start":{"line":25,"column":33},"end":{"line":25,"column":52}},"10":{"start":{"line":26,"column":8},"end":{"line":26,"column":41}},"11":{"start":{"line":28,"column":8},"end":{"line":28,"column":82}},"12":{"start":{"line":29,"column":8},"end":{"line":29,"column":22}},"13":{"start":{"line":34,"column":22},"end":{"line":36,"column":3}},"14":{"start":{"line":35,"column":4},"end":{"line":35,"column":19}},"15":{"start":{"line":38,"column":26},"end":{"line":46,"column":3}},"16":{"start":{"line":39,"column":24},"end":{"line":44,"column":5}},"17":{"start":{"line":45,"column":4},"end":{"line":45,"column":29}},"18":{"start":{"line":48,"column":31},"end":{"line":50,"column":3}},"19":{"start":{"line":49,"column":4},"end":{"line":49,"column":29}},"20":{"start":{"line":52,"column":26},"end":{"line":60,"column":3}},"21":{"start":{"line":53,"column":26},"end":{"line":58,"column":5}},"22":{"start":{"line":59,"column":4},"end":{"line":59,"column":31}},"23":{"start":{"line":62,"column":22},"end":{"line":74,"column":3}},"24":{"start":{"line":64,"column":4},"end":{"line":64,"column":78}},"25":{"start":{"line":67,"column":4},"end":{"line":67,"column":72}},"26":{"start":{"line":70,"column":4},"end":{"line":70,"column":19}},"27":{"start":{"line":73,"column":4},"end":{"line":73,"column":48}},"28":{"start":{"line":76,"column":34},"end":{"line":92,"column":3}},"29":{"start":{"line":78,"column":4},"end":{"line":81,"column":5}},"30":{"start":{"line":80,"column":6},"end":{"line":80,"column":48}},"31":{"start":{"line":83,"column":4},"end":{"line":86,"column":5}},"32":{"start":{"line":85,"column":6},"end":{"line":85,"column":50}},"33":{"start":{"line":88,"column":4},"end":{"line":91,"column":5}},"34":{"start":{"line":90,"column":6},"end":{"line":90,"column":52}},"35":{"start":{"line":94,"column":33},"end":{"line":100,"column":3}},"36":{"start":{"line":95,"column":30},"end":{"line":95,"column":38}},"37":{"start":{"line":96,"column":4},"end":{"line":99,"column":8}},"38":{"start":{"line":96,"column":28},"end":{"line":99,"column":5}},"39":{"start":{"line":102,"column":25},"end":{"line":104,"column":3}},"40":{"start":{"line":103,"column":4},"end":{"line":103,"column":27}},"41":{"start":{"line":106,"column":2},"end":{"line":247,"column":4}}},"fnMap":{"0":{"name":"(anonymous_0)","decl":{"start":{"line":6,"column":22},"end":{"line":6,"column":23}},"loc":{"start":{"line":6,"column":28},"end":{"line":248,"column":1}},"line":6},"1":{"name":"(anonymous_1)","decl":{"start":{"line":16,"column":12},"end":{"line":16,"column":13}},"loc":{"start":{"line":16,"column":18},"end":{"line":32,"column":3}},"line":16},"2":{"name":"(anonymous_2)","decl":{"start":{"line":34,"column":22},"end":{"line":34,"column":23}},"loc":{"start":{"line":34,"column":28},"end":{"line":36,"column":3}},"line":34},"3":{"name":"(anonymous_3)","decl":{"start":{"line":38,"column":26},"end":{"line":38,"column":27}},"loc":{"start":{"line":38,"column":32},"end":{"line":46,"column":3}},"line":38},"4":{"name":"(anonymous_4)","decl":{"start":{"line":48,"column":31},"end":{"line":48,"column":32}},"loc":{"start":{"line":48,"column":37},"end":{"line":50,"column":3}},"line":48},"5":{"name":"(anonymous_5)","decl":{"start":{"line":52,"column":26},"end":{"line":52,"column":27}},"loc":{"start":{"line":52,"column":32},"end":{"line":60,"column":3}},"line":52},"6":{"name":"(anonymous_6)","decl":{"start":{"line":62,"column":22},"end":{"line":62,"column":23}},"loc":{"start":{"line":62,"column":46},"end":{"line":74,"column":3}},"line":62},"7":{"name":"(anonymous_7)","decl":{"start":{"line":76,"column":34},"end":{"line":76,"column":35}},"loc":{"start":{"line":76,"column":58},"end":{"line":92,"column":3}},"line":76},"8":{"name":"(anonymous_8)","decl":{"start":{"line":94,"column":33},"end":{"line":94,"column":34}},"loc":{"start":{"line":94,"column":40},"end":{"line":100,"column":3}},"line":94},"9":{"name":"(anonymous_9)","decl":{"start":{"line":96,"column":19},"end":{"line":96,"column":20}},"loc":{"start":{"line":96,"column":28},"end":{"line":99,"column":5}},"line":96},"10":{"name":"(anonymous_10)","decl":{"start":{"line":102,"column":25},"end":{"line":102,"column":26}},"loc":{"start":{"line":102,"column":31},"end":{"line":104,"column":3}},"line":102}},"branchMap":{"0":{"loc":{"start":{"line":19,"column":4},"end":{"line":31,"column":5}},"type":"if","locations":[{"start":{"line":19,"column":4},"end":{"line":31,"column":5}},{"start":{"line":22,"column":11},"end":{"line":31,"column":5}}],"line":19},"1":{"loc":{"start":{"line":78,"column":4},"end":{"line":81,"column":5}},"type":"if","locations":[{"start":{"line":78,"column":4},"end":{"line":81,"column":5}},{"start":{},"end":{}}],"line":78},"2":{"loc":{"start":{"line":83,"column":4},"end":{"line":86,"column":5}},"type":"if","locations":[{"start":{"line":83,"column":4},"end":{"line":86,"column":5}},{"start":{},"end":{}}],"line":83},"3":{"loc":{"start":{"line":88,"column":4},"end":{"line":91,"column":5}},"type":"if","locations":[{"start":{"line":88,"column":4},"end":{"line":91,"column":5}},{"start":{},"end":{}}],"line":88},"4":{"loc":{"start":{"line":133,"column":9},"end":{"line":224,"column":9}},"type":"binary-expr","locations":[{"start":{"line":133,"column":9},"end":{"line":133,"column":17}},{"start":{"line":134,"column":10},"end":{"line":223,"column":16}}],"line":133},"5":{"loc":{"start":{"line":229,"column":13},"end":{"line":229,"column":63}},"type":"cond-expr","locations":[{"start":{"line":229,"column":24},"end":{"line":229,"column":45}},{"start":{"line":229,"column":48},"end":{"line":229,"column":63}}],"line":229},"6":{"loc":{"start":{"line":236,"column":11},"end":{"line":240,"column":11}},"type":"binary-expr","locations":[{"start":{"line":236,"column":11},"end":{"line":236,"column":19}},{"start":{"line":237,"column":12},"end":{"line":239,"column":21}}],"line":236}},"s":{"0":1,"1":21,"2":21,"3":21,"4":21,"5":8,"6":8,"7":8,"8":0,"9":0,"10":0,"11":0,"12":0,"13":21,"14":0,"15":21,"16":1,"17":1,"18":21,"19":0,"20":21,"21":1,"22":1,"23":21,"24":2,"25":2,"26":2,"27":2,"28":21,"29":2,"30":1,"31":2,"32":1,"33":2,"34":1,"35":21,"36":0,"37":0,"38":0,"39":21,"40":3,"41":21},"f":{"0":21,"1":8,"2":0,"3":1,"4":0,"5":1,"6":2,"7":2,"8":0,"9":0,"10":3},"b":{"0":[8,0],"1":[1,1],"2":[1,1],"3":[1,1],"4":[21,3],"5":[3,18],"6":[21,3]},"_coverageSchema":"1a1c01bbd47fc00a2c39e90264f33305004495a9","hash":"eec2df6b381b22d35226430079cca8eb4149e0f8"}
,"/Users/aeao/aeao-proiets/bloc3/frontend/src/components/Footer.js": {"path":"/Users/aeao/aeao-proiets/bloc3/frontend/src/components/Footer.js","statementMap":{"0":{"start":{"line":6,"column":15},"end":{"line":101,"column":1}},"1":{"start":{"line":7,"column":2},"end":{"line":100,"column":4}}},"fnMap":{"0":{"name":"(anonymous_0)","decl":{"start":{"line":6,"column":15},"end":{"line":6,"column":16}},"loc":{"start":{"line":6,"column":21},"end":{"line":101,"column":1}},"line":6}},"branchMap":{},"s":{"0":1,"1":9},"f":{"0":9},"b":{},"_coverageSchema":"1a1c01bbd47fc00a2c39e90264f33305004495a9","hash":"bdc58693eb534611b6de1038add857384475f696"}
,"/Users/aeao/aeao-proiets/bloc3/frontend/src/components/Navigation.js": {"path":"/Users/aeao/aeao-proiets/bloc3/frontend/src/components/Navigation.js","statementMap":{"0":{"start":{"line":6,"column":19},"end":{"line":173,"column":1}},"1":{"start":{"line":7,"column":48},"end":{"line":7,"column":63}},"2":{"start":{"line":8,"column":34},"end":{"line":8,"column":48}},"3":{"start":{"line":9,"column":19},"end":{"line":9,"column":32}},"4":{"start":{"line":12,"column":26},"end":{"line":28,"column":3}},"5":{"start":{"line":13,"column":18},"end":{"line":13,"column":47}},"6":{"start":{"line":14,"column":23},"end":{"line":14,"column":69}},"7":{"start":{"line":15,"column":20},"end":{"line":15,"column":63}},"8":{"start":{"line":17,"column":4},"end":{"line":17,"column":32}},"9":{"start":{"line":19,"column":4},"end":{"line":27,"column":5}},"10":{"start":{"line":20,"column":6},"end":{"line":20,"column":30}},"11":{"start":{"line":21,"column":11},"end":{"line":27,"column":5}},"12":{"start":{"line":22,"column":6},"end":{"line":22,"column":27}},"13":{"start":{"line":23,"column":11},"end":{"line":27,"column":5}},"14":{"start":{"line":24,"column":6},"end":{"line":24,"column":26}},"15":{"start":{"line":26,"column":6},"end":{"line":26,"column":24}},"16":{"start":{"line":31,"column":2},"end":{"line":49,"column":9}},"17":{"start":{"line":32,"column":4},"end":{"line":32,"column":22}},"18":{"start":{"line":35,"column":32},"end":{"line":37,"column":5}},"19":{"start":{"line":36,"column":6},"end":{"line":36,"column":24}},"20":{"start":{"line":39,"column":4},"end":{"line":39,"column":60}},"21":{"start":{"line":42,"column":30},"end":{"line":42,"column":64}},"22":{"start":{"line":45,"column":4},"end":{"line":48,"column":6}},"23":{"start":{"line":46,"column":6},"end":{"line":46,"column":65}},"24":{"start":{"line":47,"column":6},"end":{"line":47,"column":39}},"25":{"start":{"line":51,"column":23},"end":{"line":67,"column":3}},"26":{"start":{"line":53,"column":4},"end":{"line":53,"column":37}},"27":{"start":{"line":54,"column":4},"end":{"line":54,"column":43}},"28":{"start":{"line":55,"column":4},"end":{"line":55,"column":40}},"29":{"start":{"line":56,"column":4},"end":{"line":56,"column":42}},"30":{"start":{"line":59,"column":4},"end":{"line":59,"column":30}},"31":{"start":{"line":60,"column":4},"end":{"line":60,"column":22}},"32":{"start":{"line":63,"column":4},"end":{"line":63,"column":50}},"33":{"start":{"line":66,"column":4},"end":{"line":66,"column":18}},"34":{"start":{"line":69,"column":2},"end":{"line":172,"column":4}}},"fnMap":{"0":{"name":"(anonymous_0)","decl":{"start":{"line":6,"column":19},"end":{"line":6,"column":20}},"loc":{"start":{"line":6,"column":25},"end":{"line":173,"column":1}},"line":6},"1":{"name":"(anonymous_1)","decl":{"start":{"line":12,"column":26},"end":{"line":12,"column":27}},"loc":{"start":{"line":12,"column":32},"end":{"line":28,"column":3}},"line":12},"2":{"name":"(anonymous_2)","decl":{"start":{"line":31,"column":12},"end":{"line":31,"column":13}},"loc":{"start":{"line":31,"column":18},"end":{"line":49,"column":3}},"line":31},"3":{"name":"(anonymous_3)","decl":{"start":{"line":35,"column":32},"end":{"line":35,"column":33}},"loc":{"start":{"line":35,"column":38},"end":{"line":37,"column":5}},"line":35},"4":{"name":"(anonymous_4)","decl":{"start":{"line":45,"column":11},"end":{"line":45,"column":12}},"loc":{"start":{"line":45,"column":17},"end":{"line":48,"column":5}},"line":45},"5":{"name":"(anonymous_5)","decl":{"start":{"line":51,"column":23},"end":{"line":51,"column":24}},"loc":{"start":{"line":51,"column":29},"end":{"line":67,"column":3}},"line":51}},"branchMap":{"0":{"loc":{"start":{"line":19,"column":4},"end":{"line":27,"column":5}},"type":"if","locations":[{"start":{"line":19,"column":4},"end":{"line":27,"column":5}},{"start":{"line":21,"column":11},"end":{"line":27,"column":5}}],"line":19},"1":{"loc":{"start":{"line":21,"column":11},"end":{"line":27,"column":5}},"type":"if","locations":[{"start":{"line":21,"column":11},"end":{"line":27,"column":5}},{"start":{"line":23,"column":11},"end":{"line":27,"column":5}}],"line":21},"2":{"loc":{"start":{"line":23,"column":11},"end":{"line":27,"column":5}},"type":"if","locations":[{"start":{"line":23,"column":11},"end":{"line":27,"column":5}},{"start":{"line":25,"column":11},"end":{"line":27,"column":5}}],"line":23},"3":{"loc":{"start":{"line":73,"column":9},"end":{"line":97,"column":9}},"type":"cond-expr","locations":[{"start":{"line":74,"column":10},"end":{"line":79,"column":25}},{"start":{"line":80,"column":12},"end":{"line":97,"column":9}}],"line":73},"4":{"loc":{"start":{"line":80,"column":12},"end":{"line":97,"column":9}},"type":"cond-expr","locations":[{"start":{"line":81,"column":10},"end":{"line":86,"column":25}},{"start":{"line":88,"column":10},"end":{"line":96,"column":25}}],"line":80},"5":{"loc":{"start":{"line":102,"column":13},"end":{"line":107,"column":13}},"type":"binary-expr","locations":[{"start":{"line":102,"column":14},"end":{"line":102,"column":30}},{"start":{"line":102,"column":34},"end":{"line":102,"column":53}},{"start":{"line":103,"column":14},"end":{"line":106,"column":17}}],"line":102},"6":{"loc":{"start":{"line":110,"column":13},"end":{"line":167,"column":13}},"type":"cond-expr","locations":[{"start":{"line":111,"column":14},"end":{"line":149,"column":17}},{"start":{"line":151,"column":14},"end":{"line":166,"column":17}}],"line":110},"7":{"loc":{"start":{"line":112,"column":17},"end":{"line":121,"column":17}},"type":"binary-expr","locations":[{"start":{"line":112,"column":17},"end":{"line":112,"column":40}},{"start":{"line":113,"column":18},"end":{"line":120,"column":21}}],"line":112},"8":{"loc":{"start":{"line":123,"column":17},"end":{"line":132,"column":17}},"type":"binary-expr","locations":[{"start":{"line":123,"column":17},"end":{"line":123,"column":37}},{"start":{"line":124,"column":18},"end":{"line":131,"column":21}}],"line":123},"9":{"loc":{"start":{"line":134,"column":17},"end":{"line":139,"column":17}},"type":"binary-expr","locations":[{"start":{"line":134,"column":17},"end":{"line":134,"column":36}},{"start":{"line":135,"column":18},"end":{"line":138,"column":21}}],"line":134}},"s":{"0":1,"1":8,"2":8,"3":8,"4":8,"5":8,"6":8,"7":8,"8":8,"9":8,"10":0,"11":8,"12":0,"13":8,"14":0,"15":8,"16":8,"17":7,"18":7,"19":1,"20":7,"21":7,"22":7,"23":7,"24":7,"25":8,"26":0,"27":0,"28":0,"29":0,"30":0,"31":0,"32":0,"33":0,"34":8},"f":{"0":8,"1":8,"2":7,"3":1,"4":7,"5":0},"b":{"0":[0,8],"1":[0,8],"2":[0,8],"3":[0,8],"4":[0,8],"5":[8,0,8],"6":[0,8],"7":[0,0],"8":[0,0],"9":[0,0]},"_coverageSchema":"1a1c01bbd47fc00a2c39e90264f33305004495a9","hash":"598ee6702ff3a07e1717cc55c7dafc2397da10d4"}
,"/Users/aeao/aeao-proiets/bloc3/frontend/src/components/PrivacyPreferences.js": {"path":"/Users/aeao/aeao-proiets/bloc3/frontend/src/components/PrivacyPreferences.js","statementMap":{"0":{"start":{"line":6,"column":27},"end":{"line":156,"column":1}},"1":{"start":{"line":7,"column":40},"end":{"line":12,"column":4}},"2":{"start":{"line":13,"column":40},"end":{"line":13,"column":55}},"3":{"start":{"line":15,"column":2},"end":{"line":25,"column":9}},"4":{"start":{"line":17,"column":29},"end":{"line":17,"column":71}},"5":{"start":{"line":18,"column":4},"end":{"line":24,"column":5}},"6":{"start":{"line":19,"column":6},"end":{"line":23,"column":7}},"7":{"start":{"line":20,"column":8},"end":{"line":20,"column":53}},"8":{"start":{"line":22,"column":8},"end":{"line":22,"column":71}},"9":{"start":{"line":27,"column":23},"end":{"line":33,"column":3}},"10":{"start":{"line":28,"column":30},"end":{"line":28,"column":38}},"11":{"start":{"line":29,"column":4},"end":{"line":32,"column":8}},"12":{"start":{"line":29,"column":28},"end":{"line":32,"column":5}},"13":{"start":{"line":35,"column":21},"end":{"line":49,"column":3}},"14":{"start":{"line":37,"column":4},"end":{"line":37,"column":76}},"15":{"start":{"line":40,"column":4},"end":{"line":40,"column":58}},"16":{"start":{"line":43,"column":4},"end":{"line":43,"column":25}},"17":{"start":{"line":46,"column":4},"end":{"line":48,"column":13}},"18":{"start":{"line":47,"column":6},"end":{"line":47,"column":28}},"19":{"start":{"line":51,"column":2},"end":{"line":155,"column":4}}},"fnMap":{"0":{"name":"(anonymous_0)","decl":{"start":{"line":6,"column":27},"end":{"line":6,"column":28}},"loc":{"start":{"line":6,"column":33},"end":{"line":156,"column":1}},"line":6},"1":{"name":"(anonymous_1)","decl":{"start":{"line":15,"column":12},"end":{"line":15,"column":13}},"loc":{"start":{"line":15,"column":18},"end":{"line":25,"column":3}},"line":15},"2":{"name":"(anonymous_2)","decl":{"start":{"line":27,"column":23},"end":{"line":27,"column":24}},"loc":{"start":{"line":27,"column":30},"end":{"line":33,"column":3}},"line":27},"3":{"name":"(anonymous_3)","decl":{"start":{"line":29,"column":19},"end":{"line":29,"column":20}},"loc":{"start":{"line":29,"column":28},"end":{"line":32,"column":5}},"line":29},"4":{"name":"(anonymous_4)","decl":{"start":{"line":35,"column":21},"end":{"line":35,"column":22}},"loc":{"start":{"line":35,"column":27},"end":{"line":49,"column":3}},"line":35},"5":{"name":"(anonymous_5)","decl":{"start":{"line":46,"column":15},"end":{"line":46,"column":16}},"loc":{"start":{"line":46,"column":21},"end":{"line":48,"column":5}},"line":46}},"branchMap":{"0":{"loc":{"start":{"line":18,"column":4},"end":{"line":24,"column":5}},"type":"if","locations":[{"start":{"line":18,"column":4},"end":{"line":24,"column":5}},{"start":{},"end":{}}],"line":18},"1":{"loc":{"start":{"line":58,"column":9},"end":{"line":62,"column":9}},"type":"binary-expr","locations":[{"start":{"line":58,"column":9},"end":{"line":58,"column":20}},{"start":{"line":59,"column":10},"end":{"line":61,"column":18}}],"line":58}},"s":{"0":0,"1":0,"2":0,"3":0,"4":0,"5":0,"6":0,"7":0,"8":0,"9":0,"10":0,"11":0,"12":0,"13":0,"14":0,"15":0,"16":0,"17":0,"18":0,"19":0},"f":{"0":0,"1":0,"2":0,"3":0,"4":0,"5":0},"b":{"0":[0,0],"1":[0,0]}}
,"/Users/aeao/aeao-proiets/bloc3/frontend/src/components/ProtectedRoutes.js": {"path":"/Users/aeao/aeao-proiets/bloc3/frontend/src/components/ProtectedRoutes.js","statementMap":{"0":{"start":{"line":6,"column":25},"end":{"line":24,"column":1}},"1":{"start":{"line":7,"column":21},"end":{"line":7,"column":67}},"2":{"start":{"line":8,"column":18},"end":{"line":8,"column":61}},"3":{"start":{"line":9,"column":26},"end":{"line":9,"column":64}},"4":{"start":{"line":10,"column":19},"end":{"line":10,"column":32}},"5":{"start":{"line":13,"column":2},"end":{"line":15,"column":3}},"6":{"start":{"line":14,"column":4},"end":{"line":14,"column":54}},"7":{"start":{"line":18,"column":2},"end":{"line":20,"column":3}},"8":{"start":{"line":19,"column":4},"end":{"line":19,"column":57}},"9":{"start":{"line":23,"column":2},"end":{"line":23,"column":18}},"10":{"start":{"line":28,"column":29},"end":{"line":37,"column":1}},"11":{"start":{"line":29,"column":21},"end":{"line":29,"column":67}},"12":{"start":{"line":30,"column":26},"end":{"line":30,"column":64}},"13":{"start":{"line":32,"column":2},"end":{"line":34,"column":3}},"14":{"start":{"line":33,"column":4},"end":{"line":33,"column":44}},"15":{"start":{"line":36,"column":2},"end":{"line":36,"column":18}},"16":{"start":{"line":41,"column":26},"end":{"line":50,"column":1}},"17":{"start":{"line":42,"column":18},"end":{"line":42,"column":61}},"18":{"start":{"line":43,"column":26},"end":{"line":43,"column":64}},"19":{"start":{"line":45,"column":2},"end":{"line":47,"column":3}},"20":{"start":{"line":46,"column":4},"end":{"line":46,"column":44}},"21":{"start":{"line":49,"column":2},"end":{"line":49,"column":18}},"22":{"start":{"line":54,"column":25},"end":{"line":62,"column":1}},"23":{"start":{"line":55,"column":26},"end":{"line":55,"column":64}},"24":{"start":{"line":57,"column":2},"end":{"line":59,"column":3}},"25":{"start":{"line":58,"column":4},"end":{"line":58,"column":44}},"26":{"start":{"line":61,"column":2},"end":{"line":61,"column":18}}},"fnMap":{"0":{"name":"(anonymous_0)","decl":{"start":{"line":6,"column":25},"end":{"line":6,"column":26}},"loc":{"start":{"line":6,"column":43},"end":{"line":24,"column":1}},"line":6},"1":{"name":"(anonymous_1)","decl":{"start":{"line":28,"column":29},"end":{"line":28,"column":30}},"loc":{"start":{"line":28,"column":47},"end":{"line":37,"column":1}},"line":28},"2":{"name":"(anonymous_2)","decl":{"start":{"line":41,"column":26},"end":{"line":41,"column":27}},"loc":{"start":{"line":41,"column":44},"end":{"line":50,"column":1}},"line":41},"3":{"name":"(anonymous_3)","decl":{"start":{"line":54,"column":25},"end":{"line":54,"column":26}},"loc":{"start":{"line":54,"column":43},"end":{"line":62,"column":1}},"line":54}},"branchMap":{"0":{"loc":{"start":{"line":13,"column":2},"end":{"line":15,"column":3}},"type":"if","locations":[{"start":{"line":13,"column":2},"end":{"line":15,"column":3}},{"start":{},"end":{}}],"line":13},"1":{"loc":{"start":{"line":13,"column":6},"end":{"line":13,"column":32}},"type":"binary-expr","locations":[{"start":{"line":13,"column":6},"end":{"line":13,"column":21}},{"start":{"line":13,"column":25},"end":{"line":13,"column":32}}],"line":13},"2":{"loc":{"start":{"line":18,"column":2},"end":{"line":20,"column":3}},"type":"if","locations":[{"start":{"line":18,"column":2},"end":{"line":20,"column":3}},{"start":{},"end":{}}],"line":18},"3":{"loc":{"start":{"line":18,"column":6},"end":{"line":18,"column":35}},"type":"binary-expr","locations":[{"start":{"line":18,"column":6},"end":{"line":18,"column":21}},{"start":{"line":18,"column":25},"end":{"line":18,"column":35}}],"line":18},"4":{"loc":{"start":{"line":32,"column":2},"end":{"line":34,"column":3}},"type":"if","locations":[{"start":{"line":32,"column":2},"end":{"line":34,"column":3}},{"start":{},"end":{}}],"line":32},"5":{"loc":{"start":{"line":32,"column":6},"end":{"line":32,"column":37}},"type":"binary-expr","locations":[{"start":{"line":32,"column":6},"end":{"line":32,"column":22}},{"start":{"line":32,"column":26},"end":{"line":32,"column":37}}],"line":32},"6":{"loc":{"start":{"line":45,"column":2},"end":{"line":47,"column":3}},"type":"if","locations":[{"start":{"line":45,"column":2},"end":{"line":47,"column":3}},{"start":{},"end":{}}],"line":45},"7":{"loc":{"start":{"line":45,"column":6},"end":{"line":45,"column":34}},"type":"binary-expr","locations":[{"start":{"line":45,"column":6},"end":{"line":45,"column":22}},{"start":{"line":45,"column":26},"end":{"line":45,"column":34}}],"line":45},"8":{"loc":{"start":{"line":57,"column":2},"end":{"line":59,"column":3}},"type":"if","locations":[{"start":{"line":57,"column":2},"end":{"line":59,"column":3}},{"start":{},"end":{}}],"line":57}},"s":{"0":1,"1":3,"2":3,"3":3,"4":3,"5":3,"6":0,"7":3,"8":0,"9":3,"10":1,"11":3,"12":3,"13":3,"14":3,"15":0,"16":1,"17":3,"18":3,"19":3,"20":3,"21":0,"22":1,"23":2,"24":2,"25":0,"26":2},"f":{"0":3,"1":3,"2":3,"3":2},"b":{"0":[0,3],"1":[3,3],"2":[0,3],"3":[3,3],"4":[3,0],"5":[3,3],"6":[3,0],"7":[3,3],"8":[0,2]},"_coverageSchema":"1a1c01bbd47fc00a2c39e90264f33305004495a9","hash":"3671d0c99755518351347e24c7390a6077a61790"}
,"/Users/aeao/aeao-proiets/bloc3/frontend/src/hooks/useScrollToHash.js": {"path":"/Users/aeao/aeao-proiets/bloc3/frontend/src/hooks/useScrollToHash.js","statementMap":{"0":{"start":{"line":8,"column":24},"end":{"line":29,"column":1}},"1":{"start":{"line":9,"column":19},"end":{"line":9,"column":32}},"2":{"start":{"line":11,"column":2},"end":{"line":28,"column":17}},"3":{"start":{"line":13,"column":4},"end":{"line":27,"column":5}},"4":{"start":{"line":15,"column":6},"end":{"line":23,"column":14}},"5":{"start":{"line":16,"column":19},"end":{"line":16,"column":49}},"6":{"start":{"line":17,"column":24},"end":{"line":17,"column":51}},"7":{"start":{"line":19,"column":8},"end":{"line":22,"column":9}},"8":{"start":{"line":21,"column":10},"end":{"line":21,"column":57}},"9":{"start":{"line":26,"column":6},"end":{"line":26,"column":28}}},"fnMap":{"0":{"name":"(anonymous_0)","decl":{"start":{"line":8,"column":24},"end":{"line":8,"column":25}},"loc":{"start":{"line":8,"column":30},"end":{"line":29,"column":1}},"line":8},"1":{"name":"(anonymous_1)","decl":{"start":{"line":11,"column":12},"end":{"line":11,"column":13}},"loc":{"start":{"line":11,"column":18},"end":{"line":28,"column":3}},"line":11},"2":{"name":"(anonymous_2)","decl":{"start":{"line":15,"column":17},"end":{"line":15,"column":18}},"loc":{"start":{"line":15,"column":23},"end":{"line":23,"column":7}},"line":15}},"branchMap":{"0":{"loc":{"start":{"line":13,"column":4},"end":{"line":27,"column":5}},"type":"if","locations":[{"start":{"line":13,"column":4},"end":{"line":27,"column":5}},{"start":{"line":24,"column":11},"end":{"line":27,"column":5}}],"line":13},"1":{"loc":{"start":{"line":19,"column":8},"end":{"line":22,"column":9}},"type":"if","locations":[{"start":{"line":19,"column":8},"end":{"line":22,"column":9}},{"start":{},"end":{}}],"line":19}},"s":{"0":1,"1":5,"2":5,"3":4,"4":3,"5":3,"6":3,"7":3,"8":2,"9":1},"f":{"0":5,"1":4,"2":3},"b":{"0":[3,1],"1":[2,1]},"_coverageSchema":"1a1c01bbd47fc00a2c39e90264f33305004495a9","hash":"6776eb99c572ad994c576feafe8768e4321a13c7"}
,"/Users/aeao/aeao-proiets/bloc3/frontend/src/pages/AdminDashboard.js": {"path":"/Users/aeao/aeao-proiets/bloc3/frontend/src/pages/AdminDashboard.js","statementMap":{"0":{"start":{"line":5,"column":23},"end":{"line":201,"column":1}},"1":{"start":{"line":6,"column":36},"end":{"line":6,"column":48}},"2":{"start":{"line":7,"column":38},"end":{"line":11,"column":4}},"3":{"start":{"line":12,"column":36},"end":{"line":12,"column":50}},"4":{"start":{"line":13,"column":19},"end":{"line":13,"column":32}},"5":{"start":{"line":15,"column":2},"end":{"line":82,"column":17}},"6":{"start":{"line":17,"column":20},"end":{"line":17,"column":63}},"7":{"start":{"line":18,"column":18},"end":{"line":18,"column":52}},"8":{"start":{"line":20,"column":4},"end":{"line":23,"column":5}},"9":{"start":{"line":21,"column":6},"end":{"line":21,"column":20}},"10":{"start":{"line":22,"column":6},"end":{"line":22,"column":13}},"11":{"start":{"line":25,"column":4},"end":{"line":25,"column":24}},"12":{"start":{"line":28,"column":22},"end":{"line":79,"column":5}},"13":{"start":{"line":29,"column":6},"end":{"line":29,"column":25}},"14":{"start":{"line":31,"column":6},"end":{"line":78,"column":7}},"15":{"start":{"line":33,"column":8},"end":{"line":33,"column":64}},"16":{"start":{"line":33,"column":37},"end":{"line":33,"column":62}},"17":{"start":{"line":36,"column":26},"end":{"line":71,"column":9}},"18":{"start":{"line":73,"column":8},"end":{"line":73,"column":33}},"19":{"start":{"line":75,"column":8},"end":{"line":75,"column":76}},"20":{"start":{"line":77,"column":8},"end":{"line":77,"column":28}},"21":{"start":{"line":81,"column":4},"end":{"line":81,"column":16}},"22":{"start":{"line":85,"column":25},"end":{"line":87,"column":3}},"23":{"start":{"line":86,"column":4},"end":{"line":86,"column":97}},"24":{"start":{"line":89,"column":2},"end":{"line":200,"column":4}},"25":{"start":{"line":143,"column":20},"end":{"line":157,"column":25}},"26":{"start":{"line":152,"column":41},"end":{"line":152,"column":79}},"27":{"start":{"line":172,"column":35},"end":{"line":172,"column":61}},"28":{"start":{"line":188,"column":35},"end":{"line":188,"column":61}}},"fnMap":{"0":{"name":"(anonymous_0)","decl":{"start":{"line":5,"column":23},"end":{"line":5,"column":24}},"loc":{"start":{"line":5,"column":29},"end":{"line":201,"column":1}},"line":5},"1":{"name":"(anonymous_1)","decl":{"start":{"line":15,"column":12},"end":{"line":15,"column":13}},"loc":{"start":{"line":15,"column":18},"end":{"line":82,"column":3}},"line":15},"2":{"name":"(anonymous_2)","decl":{"start":{"line":28,"column":22},"end":{"line":28,"column":23}},"loc":{"start":{"line":28,"column":34},"end":{"line":79,"column":5}},"line":28},"3":{"name":"(anonymous_3)","decl":{"start":{"line":33,"column":26},"end":{"line":33,"column":27}},"loc":{"start":{"line":33,"column":37},"end":{"line":33,"column":62}},"line":33},"4":{"name":"(anonymous_4)","decl":{"start":{"line":85,"column":25},"end":{"line":85,"column":26}},"loc":{"start":{"line":85,"column":37},"end":{"line":87,"column":3}},"line":85},"5":{"name":"(anonymous_5)","decl":{"start":{"line":142,"column":44},"end":{"line":142,"column":45}},"loc":{"start":{"line":143,"column":20},"end":{"line":157,"column":25}},"line":143},"6":{"name":"(anonymous_6)","decl":{"start":{"line":152,"column":35},"end":{"line":152,"column":36}},"loc":{"start":{"line":152,"column":41},"end":{"line":152,"column":79}},"line":152},"7":{"name":"(anonymous_7)","decl":{"start":{"line":172,"column":29},"end":{"line":172,"column":30}},"loc":{"start":{"line":172,"column":35},"end":{"line":172,"column":61}},"line":172},"8":{"name":"(anonymous_8)","decl":{"start":{"line":188,"column":29},"end":{"line":188,"column":30}},"loc":{"start":{"line":188,"column":35},"end":{"line":188,"column":61}},"line":188}},"branchMap":{"0":{"loc":{"start":{"line":20,"column":4},"end":{"line":23,"column":5}},"type":"if","locations":[{"start":{"line":20,"column":4},"end":{"line":23,"column":5}},{"start":{},"end":{}}],"line":20},"1":{"loc":{"start":{"line":100,"column":7},"end":{"line":198,"column":7}},"type":"cond-expr","locations":[{"start":{"line":101,"column":8},"end":{"line":101,"column":73}},{"start":{"line":103,"column":8},"end":{"line":197,"column":11}}],"line":100}},"s":{"0":0,"1":0,"2":0,"3":0,"4":0,"5":0,"6":0,"7":0,"8":0,"9":0,"10":0,"11":0,"12":0,"13":0,"14":0,"15":0,"16":0,"17":0,"18":0,"19":0,"20":0,"21":0,"22":0,"23":0,"24":0,"25":0,"26":0,"27":0,"28":0},"f":{"0":0,"1":0,"2":0,"3":0,"4":0,"5":0,"6":0,"7":0,"8":0},"b":{"0":[0,0],"1":[0,0]}}
,"/Users/aeao/aeao-proiets/bloc3/frontend/src/pages/Cart.js": {"path":"/Users/aeao/aeao-proiets/bloc3/frontend/src/pages/Cart.js","statementMap":{"0":{"start":{"line":5,"column":13},"end":{"line":153,"column":1}},"1":{"start":{"line":6,"column":36},"end":{"line":6,"column":48}},"2":{"start":{"line":7,"column":38},"end":{"line":7,"column":49}},"3":{"start":{"line":8,"column":19},"end":{"line":8,"column":32}},"4":{"start":{"line":10,"column":2},"end":{"line":18,"column":9}},"5":{"start":{"line":12,"column":17},"end":{"line":12,"column":63}},"6":{"start":{"line":13,"column":4},"end":{"line":13,"column":23}},"7":{"start":{"line":16,"column":18},"end":{"line":16,"column":65}},"8":{"start":{"line":16,"column":45},"end":{"line":16,"column":61}},"9":{"start":{"line":17,"column":4},"end":{"line":17,"column":25}},"10":{"start":{"line":20,"column":27},"end":{"line":31,"column":3}},"11":{"start":{"line":21,"column":24},"end":{"line":21,"column":38}},"12":{"start":{"line":22,"column":4},"end":{"line":22,"column":33}},"13":{"start":{"line":23,"column":4},"end":{"line":23,"column":30}},"14":{"start":{"line":26,"column":4},"end":{"line":26,"column":62}},"15":{"start":{"line":29,"column":18},"end":{"line":29,"column":72}},"16":{"start":{"line":29,"column":52},"end":{"line":29,"column":68}},"17":{"start":{"line":30,"column":4},"end":{"line":30,"column":25}},"18":{"start":{"line":33,"column":25},"end":{"line":36,"column":3}},"19":{"start":{"line":35,"column":4},"end":{"line":35,"column":26}},"20":{"start":{"line":38,"column":21},"end":{"line":41,"column":3}},"21":{"start":{"line":39,"column":20},"end":{"line":39,"column":106}},"22":{"start":{"line":40,"column":4},"end":{"line":40,"column":69}},"23":{"start":{"line":43,"column":23},"end":{"line":54,"column":3}},"24":{"start":{"line":44,"column":4},"end":{"line":53,"column":5}},"25":{"start":{"line":46,"column":8},"end":{"line":46,"column":26}},"26":{"start":{"line":48,"column":8},"end":{"line":48,"column":27}},"27":{"start":{"line":50,"column":8},"end":{"line":50,"column":27}},"28":{"start":{"line":52,"column":8},"end":{"line":52,"column":20}},"29":{"start":{"line":56,"column":2},"end":{"line":152,"column":4}},"30":{"start":{"line":69,"column":29},"end":{"line":69,"column":48}},"31":{"start":{"line":84,"column":18},"end":{"line":105,"column":35}},"32":{"start":{"line":99,"column":41},"end":{"line":99,"column":64}}},"fnMap":{"0":{"name":"(anonymous_0)","decl":{"start":{"line":5,"column":13},"end":{"line":5,"column":14}},"loc":{"start":{"line":5,"column":19},"end":{"line":153,"column":1}},"line":5},"1":{"name":"(anonymous_1)","decl":{"start":{"line":10,"column":12},"end":{"line":10,"column":13}},"loc":{"start":{"line":10,"column":18},"end":{"line":18,"column":3}},"line":10},"2":{"name":"(anonymous_2)","decl":{"start":{"line":16,"column":30},"end":{"line":16,"column":31}},"loc":{"start":{"line":16,"column":45},"end":{"line":16,"column":61}},"line":16},"3":{"name":"(anonymous_3)","decl":{"start":{"line":20,"column":27},"end":{"line":20,"column":28}},"loc":{"start":{"line":20,"column":38},"end":{"line":31,"column":3}},"line":20},"4":{"name":"(anonymous_4)","decl":{"start":{"line":29,"column":37},"end":{"line":29,"column":38}},"loc":{"start":{"line":29,"column":52},"end":{"line":29,"column":68}},"line":29},"5":{"name":"(anonymous_5)","decl":{"start":{"line":33,"column":25},"end":{"line":33,"column":26}},"loc":{"start":{"line":33,"column":31},"end":{"line":36,"column":3}},"line":33},"6":{"name":"(anonymous_6)","decl":{"start":{"line":38,"column":21},"end":{"line":38,"column":22}},"loc":{"start":{"line":38,"column":37},"end":{"line":41,"column":3}},"line":38},"7":{"name":"(anonymous_7)","decl":{"start":{"line":43,"column":23},"end":{"line":43,"column":24}},"loc":{"start":{"line":43,"column":33},"end":{"line":54,"column":3}},"line":43},"8":{"name":"(anonymous_8)","decl":{"start":{"line":69,"column":23},"end":{"line":69,"column":24}},"loc":{"start":{"line":69,"column":29},"end":{"line":69,"column":48}},"line":69},"9":{"name":"(anonymous_9)","decl":{"start":{"line":83,"column":31},"end":{"line":83,"column":32}},"loc":{"start":{"line":84,"column":18},"end":{"line":105,"column":35}},"line":84},"10":{"name":"(anonymous_10)","decl":{"start":{"line":99,"column":35},"end":{"line":99,"column":36}},"loc":{"start":{"line":99,"column":41},"end":{"line":99,"column":64}},"line":99}},"branchMap":{"0":{"loc":{"start":{"line":12,"column":17},"end":{"line":12,"column":63}},"type":"binary-expr","locations":[{"start":{"line":12,"column":17},"end":{"line":12,"column":57}},{"start":{"line":12,"column":61},"end":{"line":12,"column":63}}],"line":12},"1":{"loc":{"start":{"line":44,"column":4},"end":{"line":53,"column":5}},"type":"switch","locations":[{"start":{"line":45,"column":6},"end":{"line":46,"column":26}},{"start":{"line":47,"column":6},"end":{"line":48,"column":27}},{"start":{"line":49,"column":6},"end":{"line":50,"column":27}},{"start":{"line":51,"column":6},"end":{"line":52,"column":20}}],"line":44},"2":{"loc":{"start":{"line":60,"column":7},"end":{"line":150,"column":7}},"type":"cond-expr","locations":[{"start":{"line":61,"column":8},"end":{"line":74,"column":15}},{"start":{"line":76,"column":8},"end":{"line":149,"column":14}}],"line":60}},"s":{"0":0,"1":0,"2":0,"3":0,"4":0,"5":0,"6":0,"7":0,"8":0,"9":0,"10":0,"11":0,"12":0,"13":0,"14":0,"15":0,"16":0,"17":0,"18":0,"19":0,"20":0,"21":0,"22":0,"23":0,"24":0,"25":0,"26":0,"27":0,"28":0,"29":0,"30":0,"31":0,"32":0},"f":{"0":0,"1":0,"2":0,"3":0,"4":0,"5":0,"6":0,"7":0,"8":0,"9":0,"10":0},"b":{"0":[0,0],"1":[0,0,0,0],"2":[0,0]}}
,"/Users/aeao/aeao-proiets/bloc3/frontend/src/pages/Checkout.js": {"path":"/Users/aeao/aeao-proiets/bloc3/frontend/src/pages/Checkout.js","statementMap":{"0":{"start":{"line":5,"column":17},"end":{"line":344,"column":1}},"1":{"start":{"line":6,"column":36},"end":{"line":6,"column":48}},"2":{"start":{"line":7,"column":38},"end":{"line":7,"column":49}},"3":{"start":{"line":8,"column":44},"end":{"line":8,"column":60}},"4":{"start":{"line":9,"column":34},"end":{"line":14,"column":4}},"5":{"start":{"line":15,"column":30},"end":{"line":15,"column":42}},"6":{"start":{"line":16,"column":42},"end":{"line":16,"column":57}},"7":{"start":{"line":17,"column":52},"end":{"line":17,"column":67}},"8":{"start":{"line":18,"column":19},"end":{"line":18,"column":32}},"9":{"start":{"line":20,"column":2},"end":{"line":40,"column":17}},"10":{"start":{"line":22,"column":18},"end":{"line":22,"column":47}},"11":{"start":{"line":23,"column":4},"end":{"line":26,"column":5}},"12":{"start":{"line":24,"column":6},"end":{"line":24,"column":25}},"13":{"start":{"line":25,"column":6},"end":{"line":25,"column":13}},"14":{"start":{"line":29,"column":17},"end":{"line":29,"column":63}},"15":{"start":{"line":30,"column":4},"end":{"line":33,"column":5}},"16":{"start":{"line":31,"column":6},"end":{"line":31,"column":24}},"17":{"start":{"line":32,"column":6},"end":{"line":32,"column":13}},"18":{"start":{"line":35,"column":4},"end":{"line":35,"column":23}},"19":{"start":{"line":38,"column":18},"end":{"line":38,"column":65}},"20":{"start":{"line":38,"column":45},"end":{"line":38,"column":61}},"21":{"start":{"line":39,"column":4},"end":{"line":39,"column":25}},"22":{"start":{"line":42,"column":23},"end":{"line":56,"column":3}},"23":{"start":{"line":43,"column":28},"end":{"line":43,"column":36}},"24":{"start":{"line":44,"column":4},"end":{"line":47,"column":7}},"25":{"start":{"line":50,"column":4},"end":{"line":55,"column":5}},"26":{"start":{"line":51,"column":6},"end":{"line":54,"column":9}},"27":{"start":{"line":58,"column":23},"end":{"line":91,"column":3}},"28":{"start":{"line":59,"column":22},"end":{"line":59,"column":24}},"29":{"start":{"line":61,"column":4},"end":{"line":87,"column":5}},"30":{"start":{"line":63,"column":6},"end":{"line":67,"column":7}},"31":{"start":{"line":64,"column":8},"end":{"line":64,"column":63}},"32":{"start":{"line":65,"column":13},"end":{"line":67,"column":7}},"33":{"start":{"line":66,"column":8},"end":{"line":66,"column":78}},"34":{"start":{"line":70,"column":6},"end":{"line":72,"column":7}},"35":{"start":{"line":71,"column":8},"end":{"line":71,"column":62}},"36":{"start":{"line":75,"column":6},"end":{"line":79,"column":7}},"37":{"start":{"line":76,"column":8},"end":{"line":76,"column":67}},"38":{"start":{"line":77,"column":13},"end":{"line":79,"column":7}},"39":{"start":{"line":78,"column":8},"end":{"line":78,"column":57}},"40":{"start":{"line":82,"column":6},"end":{"line":86,"column":7}},"41":{"start":{"line":83,"column":8},"end":{"line":83,"column":57}},"42":{"start":{"line":84,"column":13},"end":{"line":86,"column":7}},"43":{"start":{"line":85,"column":8},"end":{"line":85,"column":76}},"44":{"start":{"line":89,"column":4},"end":{"line":89,"column":25}},"45":{"start":{"line":90,"column":4},"end":{"line":90,"column":47}},"46":{"start":{"line":93,"column":23},"end":{"line":139,"column":3}},"47":{"start":{"line":94,"column":4},"end":{"line":94,"column":23}},"48":{"start":{"line":96,"column":4},"end":{"line":138,"column":5}},"49":{"start":{"line":97,"column":6},"end":{"line":97,"column":28}},"50":{"start":{"line":99,"column":6},"end":{"line":137,"column":7}},"51":{"start":{"line":101,"column":8},"end":{"line":101,"column":64}},"52":{"start":{"line":101,"column":37},"end":{"line":101,"column":62}},"53":{"start":{"line":104,"column":26},"end":{"line":104,"column":60}},"54":{"start":{"line":107,"column":33},"end":{"line":114,"column":10}},"55":{"start":{"line":108,"column":10},"end":{"line":113,"column":12}},"56":{"start":{"line":117,"column":32},"end":{"line":117,"column":81}},"57":{"start":{"line":118,"column":27},"end":{"line":118,"column":68}},"58":{"start":{"line":119,"column":8},"end":{"line":119,"column":68}},"59":{"start":{"line":122,"column":8},"end":{"line":122,"column":57}},"60":{"start":{"line":125,"column":8},"end":{"line":125,"column":35}},"61":{"start":{"line":128,"column":8},"end":{"line":130,"column":17}},"62":{"start":{"line":129,"column":10},"end":{"line":129,"column":34}},"63":{"start":{"line":132,"column":8},"end":{"line":134,"column":11}},"64":{"start":{"line":136,"column":8},"end":{"line":136,"column":31}},"65":{"start":{"line":141,"column":21},"end":{"line":144,"column":3}},"66":{"start":{"line":142,"column":20},"end":{"line":142,"column":106}},"67":{"start":{"line":143,"column":4},"end":{"line":143,"column":69}},"68":{"start":{"line":146,"column":2},"end":{"line":343,"column":4}},"69":{"start":{"line":187,"column":38},"end":{"line":187,"column":62}},"70":{"start":{"line":197,"column":38},"end":{"line":197,"column":64}},"71":{"start":{"line":208,"column":38},"end":{"line":208,"column":66}},"72":{"start":{"line":313,"column":18},"end":{"line":321,"column":35}}},"fnMap":{"0":{"name":"(anonymous_0)","decl":{"start":{"line":5,"column":17},"end":{"line":5,"column":18}},"loc":{"start":{"line":5,"column":23},"end":{"line":344,"column":1}},"line":5},"1":{"name":"(anonymous_1)","decl":{"start":{"line":20,"column":12},"end":{"line":20,"column":13}},"loc":{"start":{"line":20,"column":18},"end":{"line":40,"column":3}},"line":20},"2":{"name":"(anonymous_2)","decl":{"start":{"line":38,"column":30},"end":{"line":38,"column":31}},"loc":{"start":{"line":38,"column":45},"end":{"line":38,"column":61}},"line":38},"3":{"name":"(anonymous_3)","decl":{"start":{"line":42,"column":23},"end":{"line":42,"column":24}},"loc":{"start":{"line":42,"column":30},"end":{"line":56,"column":3}},"line":42},"4":{"name":"(anonymous_4)","decl":{"start":{"line":58,"column":23},"end":{"line":58,"column":24}},"loc":{"start":{"line":58,"column":29},"end":{"line":91,"column":3}},"line":58},"5":{"name":"(anonymous_5)","decl":{"start":{"line":93,"column":23},"end":{"line":93,"column":24}},"loc":{"start":{"line":93,"column":36},"end":{"line":139,"column":3}},"line":93},"6":{"name":"(anonymous_6)","decl":{"start":{"line":101,"column":26},"end":{"line":101,"column":27}},"loc":{"start":{"line":101,"column":37},"end":{"line":101,"column":62}},"line":101},"7":{"name":"(anonymous_7)","decl":{"start":{"line":107,"column":47},"end":{"line":107,"column":48}},"loc":{"start":{"line":107,"column":55},"end":{"line":114,"column":9}},"line":107},"8":{"name":"(anonymous_8)","decl":{"start":{"line":128,"column":19},"end":{"line":128,"column":20}},"loc":{"start":{"line":128,"column":25},"end":{"line":130,"column":9}},"line":128},"9":{"name":"(anonymous_9)","decl":{"start":{"line":141,"column":21},"end":{"line":141,"column":22}},"loc":{"start":{"line":141,"column":37},"end":{"line":144,"column":3}},"line":141},"10":{"name":"(anonymous_10)","decl":{"start":{"line":187,"column":32},"end":{"line":187,"column":33}},"loc":{"start":{"line":187,"column":38},"end":{"line":187,"column":62}},"line":187},"11":{"name":"(anonymous_11)","decl":{"start":{"line":197,"column":32},"end":{"line":197,"column":33}},"loc":{"start":{"line":197,"column":38},"end":{"line":197,"column":64}},"line":197},"12":{"name":"(anonymous_12)","decl":{"start":{"line":208,"column":32},"end":{"line":208,"column":33}},"loc":{"start":{"line":208,"column":38},"end":{"line":208,"column":66}},"line":208},"13":{"name":"(anonymous_13)","decl":{"start":{"line":312,"column":31},"end":{"line":312,"column":32}},"loc":{"start":{"line":313,"column":18},"end":{"line":321,"column":35}},"line":313}},"branchMap":{"0":{"loc":{"start":{"line":23,"column":4},"end":{"line":26,"column":5}},"type":"if","locations":[{"start":{"line":23,"column":4},"end":{"line":26,"column":5}},{"start":{},"end":{}}],"line":23},"1":{"loc":{"start":{"line":29,"column":17},"end":{"line":29,"column":63}},"type":"binary-expr","locations":[{"start":{"line":29,"column":17},"end":{"line":29,"column":57}},{"start":{"line":29,"column":61},"end":{"line":29,"column":63}}],"line":29},"2":{"loc":{"start":{"line":30,"column":4},"end":{"line":33,"column":5}},"type":"if","locations":[{"start":{"line":30,"column":4},"end":{"line":33,"column":5}},{"start":{},"end":{}}],"line":30},"3":{"loc":{"start":{"line":50,"column":4},"end":{"line":55,"column":5}},"type":"if","locations":[{"start":{"line":50,"column":4},"end":{"line":55,"column":5}},{"start":{},"end":{}}],"line":50},"4":{"loc":{"start":{"line":61,"column":4},"end":{"line":87,"column":5}},"type":"if","locations":[{"start":{"line":61,"column":4},"end":{"line":87,"column":5}},{"start":{},"end":{}}],"line":61},"5":{"loc":{"start":{"line":63,"column":6},"end":{"line":67,"column":7}},"type":"if","locations":[{"start":{"line":63,"column":6},"end":{"line":67,"column":7}},{"start":{"line":65,"column":13},"end":{"line":67,"column":7}}],"line":63},"6":{"loc":{"start":{"line":65,"column":13},"end":{"line":67,"column":7}},"type":"if","locations":[{"start":{"line":65,"column":13},"end":{"line":67,"column":7}},{"start":{},"end":{}}],"line":65},"7":{"loc":{"start":{"line":70,"column":6},"end":{"line":72,"column":7}},"type":"if","locations":[{"start":{"line":70,"column":6},"end":{"line":72,"column":7}},{"start":{},"end":{}}],"line":70},"8":{"loc":{"start":{"line":75,"column":6},"end":{"line":79,"column":7}},"type":"if","locations":[{"start":{"line":75,"column":6},"end":{"line":79,"column":7}},{"start":{"line":77,"column":13},"end":{"line":79,"column":7}}],"line":75},"9":{"loc":{"start":{"line":77,"column":13},"end":{"line":79,"column":7}},"type":"if","locations":[{"start":{"line":77,"column":13},"end":{"line":79,"column":7}},{"start":{},"end":{}}],"line":77},"10":{"loc":{"start":{"line":82,"column":6},"end":{"line":86,"column":7}},"type":"if","locations":[{"start":{"line":82,"column":6},"end":{"line":86,"column":7}},{"start":{"line":84,"column":13},"end":{"line":86,"column":7}}],"line":82},"11":{"loc":{"start":{"line":84,"column":13},"end":{"line":86,"column":7}},"type":"if","locations":[{"start":{"line":84,"column":13},"end":{"line":86,"column":7}},{"start":{},"end":{}}],"line":84},"12":{"loc":{"start":{"line":96,"column":4},"end":{"line":138,"column":5}},"type":"if","locations":[{"start":{"line":96,"column":4},"end":{"line":138,"column":5}},{"start":{},"end":{}}],"line":96},"13":{"loc":{"start":{"line":117,"column":32},"end":{"line":117,"column":81}},"type":"binary-expr","locations":[{"start":{"line":117,"column":32},"end":{"line":117,"column":75}},{"start":{"line":117,"column":79},"end":{"line":117,"column":81}}],"line":117},"14":{"loc":{"start":{"line":150,"column":7},"end":{"line":341,"column":7}},"type":"cond-expr","locations":[{"start":{"line":151,"column":8},"end":{"line":162,"column":16}},{"start":{"line":164,"column":8},"end":{"line":340,"column":14}}],"line":150},"15":{"loc":{"start":{"line":171,"column":17},"end":{"line":175,"column":17}},"type":"binary-expr","locations":[{"start":{"line":171,"column":17},"end":{"line":171,"column":28}},{"start":{"line":172,"column":18},"end":{"line":174,"column":26}}],"line":171},"16":{"loc":{"start":{"line":215,"column":17},"end":{"line":301,"column":17}},"type":"binary-expr","locations":[{"start":{"line":215,"column":17},"end":{"line":215,"column":41}},{"start":{"line":216,"column":18},"end":{"line":300,"column":25}}],"line":215},"17":{"loc":{"start":{"line":291,"column":23},"end":{"line":298,"column":23}},"type":"cond-expr","locations":[{"start":{"line":292,"column":24},"end":{"line":295,"column":27}},{"start":{"line":297,"column":24},"end":{"line":297,"column":58}}],"line":291}},"s":{"0":0,"1":0,"2":0,"3":0,"4":0,"5":0,"6":0,"7":0,"8":0,"9":0,"10":0,"11":0,"12":0,"13":0,"14":0,"15":0,"16":0,"17":0,"18":0,"19":0,"20":0,"21":0,"22":0,"23":0,"24":0,"25":0,"26":0,"27":0,"28":0,"29":0,"30":0,"31":0,"32":0,"33":0,"34":0,"35":0,"36":0,"37":0,"38":0,"39":0,"40":0,"41":0,"42":0,"43":0,"44":0,"45":0,"46":0,"47":0,"48":0,"49":0,"50":0,"51":0,"52":0,"53":0,"54":0,"55":0,"56":0,"57":0,"58":0,"59":0,"60":0,"61":0,"62":0,"63":0,"64":0,"65":0,"66":0,"67":0,"68":0,"69":0,"70":0,"71":0,"72":0},"f":{"0":0,"1":0,"2":0,"3":0,"4":0,"5":0,"6":0,"7":0,"8":0,"9":0,"10":0,"11":0,"12":0,"13":0},"b":{"0":[0,0],"1":[0,0],"2":[0,0],"3":[0,0],"4":[0,0],"5":[0,0],"6":[0,0],"7":[0,0],"8":[0,0],"9":[0,0],"10":[0,0],"11":[0,0],"12":[0,0],"13":[0,0],"14":[0,0],"15":[0,0],"16":[0,0],"17":[0,0]}}
,"/Users/aeao/aeao-proiets/bloc3/frontend/src/pages/DataDeletionRequest.js": {"path":"/Users/aeao/aeao-proiets/bloc3/frontend/src/pages/DataDeletionRequest.js","statementMap":{"0":{"start":{"line":7,"column":28},"end":{"line":169,"column":1}},"1":{"start":{"line":9,"column":2},"end":{"line":9,"column":20}},"2":{"start":{"line":10,"column":34},"end":{"line":14,"column":4}},"3":{"start":{"line":15,"column":36},"end":{"line":15,"column":51}},"4":{"start":{"line":16,"column":40},"end":{"line":16,"column":55}},"5":{"start":{"line":17,"column":36},"end":{"line":17,"column":51}},"6":{"start":{"line":19,"column":23},"end":{"line":25,"column":3}},"7":{"start":{"line":20,"column":43},"end":{"line":20,"column":51}},"8":{"start":{"line":21,"column":4},"end":{"line":24,"column":7}},"9":{"start":{"line":27,"column":23},"end":{"line":58,"column":3}},"10":{"start":{"line":28,"column":4},"end":{"line":28,"column":23}},"11":{"start":{"line":29,"column":17},"end":{"line":29,"column":32}},"12":{"start":{"line":31,"column":4},"end":{"line":35,"column":5}},"13":{"start":{"line":32,"column":6},"end":{"line":32,"column":26}},"14":{"start":{"line":33,"column":6},"end":{"line":33,"column":25}},"15":{"start":{"line":34,"column":6},"end":{"line":34,"column":13}},"16":{"start":{"line":37,"column":4},"end":{"line":37,"column":23}},"17":{"start":{"line":40,"column":4},"end":{"line":57,"column":13}},"18":{"start":{"line":42,"column":6},"end":{"line":42,"column":63}},"19":{"start":{"line":45,"column":6},"end":{"line":49,"column":9}},"20":{"start":{"line":50,"column":6},"end":{"line":50,"column":26}},"21":{"start":{"line":51,"column":6},"end":{"line":51,"column":27}},"22":{"start":{"line":54,"column":6},"end":{"line":56,"column":15}},"23":{"start":{"line":55,"column":8},"end":{"line":55,"column":30}},"24":{"start":{"line":60,"column":2},"end":{"line":168,"column":4}}},"fnMap":{"0":{"name":"(anonymous_0)","decl":{"start":{"line":7,"column":28},"end":{"line":7,"column":29}},"loc":{"start":{"line":7,"column":34},"end":{"line":169,"column":1}},"line":7},"1":{"name":"(anonymous_1)","decl":{"start":{"line":19,"column":23},"end":{"line":19,"column":24}},"loc":{"start":{"line":19,"column":30},"end":{"line":25,"column":3}},"line":19},"2":{"name":"(anonymous_2)","decl":{"start":{"line":27,"column":23},"end":{"line":27,"column":24}},"loc":{"start":{"line":27,"column":30},"end":{"line":58,"column":3}},"line":27},"3":{"name":"(anonymous_3)","decl":{"start":{"line":40,"column":15},"end":{"line":40,"column":16}},"loc":{"start":{"line":40,"column":21},"end":{"line":57,"column":5}},"line":40},"4":{"name":"(anonymous_4)","decl":{"start":{"line":54,"column":17},"end":{"line":54,"column":18}},"loc":{"start":{"line":54,"column":23},"end":{"line":56,"column":7}},"line":54}},"branchMap":{"0":{"loc":{"start":{"line":23,"column":14},"end":{"line":23,"column":51}},"type":"cond-expr","locations":[{"start":{"line":23,"column":36},"end":{"line":23,"column":43}},{"start":{"line":23,"column":46},"end":{"line":23,"column":51}}],"line":23},"1":{"loc":{"start":{"line":31,"column":4},"end":{"line":35,"column":5}},"type":"if","locations":[{"start":{"line":31,"column":4},"end":{"line":35,"column":5}},{"start":{},"end":{}}],"line":31},"2":{"loc":{"start":{"line":72,"column":15},"end":{"line":81,"column":15}},"type":"binary-expr","locations":[{"start":{"line":72,"column":15},"end":{"line":72,"column":26}},{"start":{"line":73,"column":16},"end":{"line":80,"column":24}}],"line":72},"3":{"loc":{"start":{"line":83,"column":15},"end":{"line":91,"column":15}},"type":"binary-expr","locations":[{"start":{"line":83,"column":15},"end":{"line":83,"column":24}},{"start":{"line":84,"column":16},"end":{"line":90,"column":24}}],"line":83}},"s":{"0":0,"1":0,"2":0,"3":0,"4":0,"5":0,"6":0,"7":0,"8":0,"9":0,"10":0,"11":0,"12":0,"13":0,"14":0,"15":0,"16":0,"17":0,"18":0,"19":0,"20":0,"21":0,"22":0,"23":0,"24":0},"f":{"0":0,"1":0,"2":0,"3":0,"4":0},"b":{"0":[0,0],"1":[0,0],"2":[0,0],"3":[0,0]}}
,"/Users/aeao/aeao-proiets/bloc3/frontend/src/pages/EmployeeDashboard.js": {"path":"/Users/aeao/aeao-proiets/bloc3/frontend/src/pages/EmployeeDashboard.js","statementMap":{"0":{"start":{"line":6,"column":26},"end":{"line":135,"column":1}},"1":{"start":{"line":7,"column":36},"end":{"line":7,"column":48}},"2":{"start":{"line":8,"column":48},"end":{"line":8,"column":59}},"3":{"start":{"line":9,"column":19},"end":{"line":9,"column":32}},"4":{"start":{"line":11,"column":2},"end":{"line":34,"column":17}},"5":{"start":{"line":13,"column":23},"end":{"line":13,"column":69}},"6":{"start":{"line":14,"column":18},"end":{"line":14,"column":52}},"7":{"start":{"line":16,"column":4},"end":{"line":19,"column":5}},"8":{"start":{"line":17,"column":6},"end":{"line":17,"column":20}},"9":{"start":{"line":18,"column":6},"end":{"line":18,"column":13}},"10":{"start":{"line":21,"column":4},"end":{"line":21,"column":24}},"11":{"start":{"line":25,"column":22},"end":{"line":31,"column":5}},"12":{"start":{"line":27,"column":6},"end":{"line":27,"column":62}},"13":{"start":{"line":27,"column":35},"end":{"line":27,"column":60}},"14":{"start":{"line":30,"column":6},"end":{"line":30,"column":58}},"15":{"start":{"line":33,"column":4},"end":{"line":33,"column":16}},"16":{"start":{"line":36,"column":2},"end":{"line":134,"column":4}},"17":{"start":{"line":74,"column":31},"end":{"line":74,"column":62}},"18":{"start":{"line":100,"column":31},"end":{"line":100,"column":58}}},"fnMap":{"0":{"name":"(anonymous_0)","decl":{"start":{"line":6,"column":26},"end":{"line":6,"column":27}},"loc":{"start":{"line":6,"column":32},"end":{"line":135,"column":1}},"line":6},"1":{"name":"(anonymous_1)","decl":{"start":{"line":11,"column":12},"end":{"line":11,"column":13}},"loc":{"start":{"line":11,"column":18},"end":{"line":34,"column":3}},"line":11},"2":{"name":"(anonymous_2)","decl":{"start":{"line":25,"column":22},"end":{"line":25,"column":23}},"loc":{"start":{"line":25,"column":34},"end":{"line":31,"column":5}},"line":25},"3":{"name":"(anonymous_3)","decl":{"start":{"line":27,"column":24},"end":{"line":27,"column":25}},"loc":{"start":{"line":27,"column":35},"end":{"line":27,"column":60}},"line":27},"4":{"name":"(anonymous_4)","decl":{"start":{"line":74,"column":25},"end":{"line":74,"column":26}},"loc":{"start":{"line":74,"column":31},"end":{"line":74,"column":62}},"line":74},"5":{"name":"(anonymous_5)","decl":{"start":{"line":100,"column":25},"end":{"line":100,"column":26}},"loc":{"start":{"line":100,"column":31},"end":{"line":100,"column":58}},"line":100}},"branchMap":{"0":{"loc":{"start":{"line":16,"column":4},"end":{"line":19,"column":5}},"type":"if","locations":[{"start":{"line":16,"column":4},"end":{"line":19,"column":5}},{"start":{},"end":{}}],"line":16}},"s":{"0":0,"1":0,"2":0,"3":0,"4":0,"5":0,"6":0,"7":0,"8":0,"9":0,"10":0,"11":0,"12":0,"13":0,"14":0,"15":0,"16":0,"17":0,"18":0},"f":{"0":0,"1":0,"2":0,"3":0,"4":0,"5":0},"b":{"0":[0,0]}}
,"/Users/aeao/aeao-proiets/bloc3/frontend/src/pages/Home.js": {"path":"/Users/aeao/aeao-proiets/bloc3/frontend/src/pages/Home.js","statementMap":{"0":{"start":{"line":6,"column":13},"end":{"line":215,"column":1}},"1":{"start":{"line":7,"column":2},"end":{"line":214,"column":4}}},"fnMap":{"0":{"name":"(anonymous_0)","decl":{"start":{"line":6,"column":13},"end":{"line":6,"column":14}},"loc":{"start":{"line":6,"column":19},"end":{"line":215,"column":1}},"line":6}},"branchMap":{},"s":{"0":0,"1":0},"f":{"0":0},"b":{}}
,"/Users/aeao/aeao-proiets/bloc3/frontend/src/pages/Login.js": {"path":"/Users/aeao/aeao-proiets/bloc3/frontend/src/pages/Login.js","statementMap":{"0":{"start":{"line":6,"column":14},"end":{"line":368,"column":1}},"1":{"start":{"line":7,"column":34},"end":{"line":11,"column":4}},"2":{"start":{"line":12,"column":30},"end":{"line":12,"column":42}},"3":{"start":{"line":13,"column":42},"end":{"line":13,"column":57}},"4":{"start":{"line":14,"column":40},"end":{"line":14,"column":54}},"5":{"start":{"line":15,"column":42},"end":{"line":15,"column":57}},"6":{"start":{"line":16,"column":44},"end":{"line":16,"column":56}},"7":{"start":{"line":17,"column":19},"end":{"line":17,"column":32}},"8":{"start":{"line":19,"column":23},"end":{"line":32,"column":3}},"9":{"start":{"line":20,"column":28},"end":{"line":20,"column":36}},"10":{"start":{"line":21,"column":4},"end":{"line":24,"column":7}},"11":{"start":{"line":26,"column":4},"end":{"line":31,"column":5}},"12":{"start":{"line":27,"column":6},"end":{"line":30,"column":9}},"13":{"start":{"line":34,"column":23},"end":{"line":60,"column":3}},"14":{"start":{"line":35,"column":22},"end":{"line":35,"column":24}},"15":{"start":{"line":37,"column":4},"end":{"line":56,"column":5}},"16":{"start":{"line":39,"column":6},"end":{"line":43,"column":7}},"17":{"start":{"line":40,"column":8},"end":{"line":40,"column":48}},"18":{"start":{"line":41,"column":13},"end":{"line":43,"column":7}},"19":{"start":{"line":42,"column":8},"end":{"line":42,"column":50}},"20":{"start":{"line":46,"column":6},"end":{"line":48,"column":7}},"21":{"start":{"line":47,"column":8},"end":{"line":47,"column":58}},"22":{"start":{"line":51,"column":6},"end":{"line":55,"column":7}},"23":{"start":{"line":52,"column":8},"end":{"line":52,"column":69}},"24":{"start":{"line":53,"column":13},"end":{"line":55,"column":7}},"25":{"start":{"line":54,"column":8},"end":{"line":54,"column":63}},"26":{"start":{"line":58,"column":4},"end":{"line":58,"column":25}},"27":{"start":{"line":59,"column":4},"end":{"line":59,"column":47}},"28":{"start":{"line":62,"column":23},"end":{"line":192,"column":3}},"29":{"start":{"line":63,"column":4},"end":{"line":63,"column":23}},"30":{"start":{"line":65,"column":4},"end":{"line":191,"column":5}},"31":{"start":{"line":66,"column":6},"end":{"line":66,"column":28}},"32":{"start":{"line":67,"column":6},"end":{"line":67,"column":27}},"33":{"start":{"line":69,"column":6},"end":{"line":190,"column":7}},"34":{"start":{"line":70,"column":8},"end":{"line":178,"column":9}},"35":{"start":{"line":73,"column":10},"end":{"line":73,"column":31}},"36":{"start":{"line":74,"column":10},"end":{"line":74,"column":32}},"37":{"start":{"line":76,"column":10},"end":{"line":137,"column":11}},"38":{"start":{"line":79,"column":30},"end":{"line":79,"column":51}},"39":{"start":{"line":80,"column":12},"end":{"line":80,"column":57}},"40":{"start":{"line":81,"column":12},"end":{"line":81,"column":60}},"41":{"start":{"line":83,"column":12},"end":{"line":83,"column":68}},"42":{"start":{"line":86,"column":29},"end":{"line":86,"column":63}},"43":{"start":{"line":88,"column":12},"end":{"line":113,"column":13}},"44":{"start":{"line":90,"column":14},"end":{"line":90,"column":70}},"45":{"start":{"line":93,"column":41},"end":{"line":99,"column":15}},"46":{"start":{"line":94,"column":27},"end":{"line":94,"column":29}},"47":{"start":{"line":95,"column":16},"end":{"line":97,"column":17}},"48":{"start":{"line":95,"column":29},"end":{"line":95,"column":30}},"49":{"start":{"line":96,"column":18},"end":{"line":96,"column":57}},"50":{"start":{"line":98,"column":16},"end":{"line":98,"column":28}},"51":{"start":{"line":101,"column":30},"end":{"line":101,"column":50}},"52":{"start":{"line":102,"column":14},"end":{"line":102,"column":40}},"53":{"start":{"line":103,"column":14},"end":{"line":103,"column":55}},"54":{"start":{"line":105,"column":14},"end":{"line":105,"column":36}},"55":{"start":{"line":106,"column":14},"end":{"line":106,"column":65}},"56":{"start":{"line":107,"column":14},"end":{"line":107,"column":77}},"57":{"start":{"line":108,"column":14},"end":{"line":108,"column":82}},"58":{"start":{"line":109,"column":14},"end":{"line":109,"column":76}},"59":{"start":{"line":112,"column":14},"end":{"line":112,"column":104}},"60":{"start":{"line":115,"column":12},"end":{"line":115,"column":64}},"61":{"start":{"line":117,"column":12},"end":{"line":134,"column":13}},"62":{"start":{"line":119,"column":14},"end":{"line":127,"column":15}},"63":{"start":{"line":120,"column":36},"end":{"line":120,"column":92}},"64":{"start":{"line":121,"column":16},"end":{"line":121,"column":44}},"65":{"start":{"line":122,"column":16},"end":{"line":122,"column":56}},"66":{"start":{"line":123,"column":21},"end":{"line":127,"column":15}},"67":{"start":{"line":124,"column":16},"end":{"line":124,"column":79}},"68":{"start":{"line":126,"column":16},"end":{"line":126,"column":119}},"69":{"start":{"line":128,"column":19},"end":{"line":134,"column":13}},"70":{"start":{"line":130,"column":14},"end":{"line":130,"column":114}},"71":{"start":{"line":133,"column":14},"end":{"line":133,"column":78}},"72":{"start":{"line":136,"column":12},"end":{"line":136,"column":35}},"73":{"start":{"line":141,"column":10},"end":{"line":177,"column":11}},"74":{"start":{"line":143,"column":26},"end":{"line":143,"column":60}},"75":{"start":{"line":144,"column":26},"end":{"line":144,"column":60}},"76":{"start":{"line":145,"column":31},"end":{"line":145,"column":82}},"77":{"start":{"line":146,"column":28},"end":{"line":146,"column":76}},"78":{"start":{"line":149,"column":12},"end":{"line":149,"column":50}},"79":{"start":{"line":150,"column":12},"end":{"line":150,"column":50}},"80":{"start":{"line":151,"column":12},"end":{"line":151,"column":56}},"81":{"start":{"line":152,"column":12},"end":{"line":152,"column":53}},"82":{"start":{"line":155,"column":12},"end":{"line":155,"column":49}},"83":{"start":{"line":156,"column":12},"end":{"line":156,"column":60}},"84":{"start":{"line":157,"column":12},"end":{"line":157,"column":54}},"85":{"start":{"line":158,"column":12},"end":{"line":158,"column":54}},"86":{"start":{"line":161,"column":12},"end":{"line":161,"column":58}},"87":{"start":{"line":162,"column":12},"end":{"line":162,"column":55}},"88":{"start":{"line":165,"column":12},"end":{"line":174,"column":20}},"89":{"start":{"line":167,"column":14},"end":{"line":173,"column":15}},"90":{"start":{"line":168,"column":16},"end":{"line":168,"column":48}},"91":{"start":{"line":169,"column":21},"end":{"line":173,"column":15}},"92":{"start":{"line":170,"column":16},"end":{"line":170,"column":45}},"93":{"start":{"line":172,"column":16},"end":{"line":172,"column":30}},"94":{"start":{"line":176,"column":12},"end":{"line":176,"column":79}},"95":{"start":{"line":180,"column":8},"end":{"line":180,"column":53}},"96":{"start":{"line":181,"column":8},"end":{"line":181,"column":72}},"97":{"start":{"line":184,"column":8},"end":{"line":187,"column":9}},"98":{"start":{"line":185,"column":10},"end":{"line":185,"column":33}},"99":{"start":{"line":186,"column":10},"end":{"line":186,"column":48}},"100":{"start":{"line":189,"column":8},"end":{"line":189,"column":31}},"101":{"start":{"line":194,"column":2},"end":{"line":367,"column":4}},"102":{"start":{"line":267,"column":26},"end":{"line":282,"column":32}}},"fnMap":{"0":{"name":"(anonymous_0)","decl":{"start":{"line":6,"column":14},"end":{"line":6,"column":15}},"loc":{"start":{"line":6,"column":20},"end":{"line":368,"column":1}},"line":6},"1":{"name":"(anonymous_1)","decl":{"start":{"line":19,"column":23},"end":{"line":19,"column":24}},"loc":{"start":{"line":19,"column":30},"end":{"line":32,"column":3}},"line":19},"2":{"name":"(anonymous_2)","decl":{"start":{"line":34,"column":23},"end":{"line":34,"column":24}},"loc":{"start":{"line":34,"column":29},"end":{"line":60,"column":3}},"line":34},"3":{"name":"(anonymous_3)","decl":{"start":{"line":62,"column":23},"end":{"line":62,"column":24}},"loc":{"start":{"line":62,"column":36},"end":{"line":192,"column":3}},"line":62},"4":{"name":"(anonymous_4)","decl":{"start":{"line":93,"column":41},"end":{"line":93,"column":42}},"loc":{"start":{"line":93,"column":47},"end":{"line":99,"column":15}},"line":93},"5":{"name":"(anonymous_5)","decl":{"start":{"line":165,"column":23},"end":{"line":165,"column":24}},"loc":{"start":{"line":165,"column":29},"end":{"line":174,"column":13}},"line":165},"6":{"name":"(anonymous_6)","decl":{"start":{"line":266,"column":53},"end":{"line":266,"column":54}},"loc":{"start":{"line":267,"column":26},"end":{"line":282,"column":32}},"line":267}},"branchMap":{"0":{"loc":{"start":{"line":26,"column":4},"end":{"line":31,"column":5}},"type":"if","locations":[{"start":{"line":26,"column":4},"end":{"line":31,"column":5}},{"start":{},"end":{}}],"line":26},"1":{"loc":{"start":{"line":37,"column":4},"end":{"line":56,"column":5}},"type":"if","locations":[{"start":{"line":37,"column":4},"end":{"line":56,"column":5}},{"start":{"line":49,"column":11},"end":{"line":56,"column":5}}],"line":37},"2":{"loc":{"start":{"line":39,"column":6},"end":{"line":43,"column":7}},"type":"if","locations":[{"start":{"line":39,"column":6},"end":{"line":43,"column":7}},{"start":{"line":41,"column":13},"end":{"line":43,"column":7}}],"line":39},"3":{"loc":{"start":{"line":41,"column":13},"end":{"line":43,"column":7}},"type":"if","locations":[{"start":{"line":41,"column":13},"end":{"line":43,"column":7}},{"start":{},"end":{}}],"line":41},"4":{"loc":{"start":{"line":46,"column":6},"end":{"line":48,"column":7}},"type":"if","locations":[{"start":{"line":46,"column":6},"end":{"line":48,"column":7}},{"start":{},"end":{}}],"line":46},"5":{"loc":{"start":{"line":51,"column":6},"end":{"line":55,"column":7}},"type":"if","locations":[{"start":{"line":51,"column":6},"end":{"line":55,"column":7}},{"start":{"line":53,"column":13},"end":{"line":55,"column":7}}],"line":51},"6":{"loc":{"start":{"line":53,"column":13},"end":{"line":55,"column":7}},"type":"if","locations":[{"start":{"line":53,"column":13},"end":{"line":55,"column":7}},{"start":{},"end":{}}],"line":53},"7":{"loc":{"start":{"line":65,"column":4},"end":{"line":191,"column":5}},"type":"if","locations":[{"start":{"line":65,"column":4},"end":{"line":191,"column":5}},{"start":{},"end":{}}],"line":65},"8":{"loc":{"start":{"line":70,"column":8},"end":{"line":178,"column":9}},"type":"if","locations":[{"start":{"line":70,"column":8},"end":{"line":178,"column":9}},{"start":{"line":138,"column":15},"end":{"line":178,"column":9}}],"line":70},"9":{"loc":{"start":{"line":88,"column":12},"end":{"line":113,"column":13}},"type":"if","locations":[{"start":{"line":88,"column":12},"end":{"line":113,"column":13}},{"start":{"line":110,"column":19},"end":{"line":113,"column":13}}],"line":88},"10":{"loc":{"start":{"line":88,"column":16},"end":{"line":88,"column":59}},"type":"binary-expr","locations":[{"start":{"line":88,"column":16},"end":{"line":88,"column":29}},{"start":{"line":88,"column":33},"end":{"line":88,"column":59}}],"line":88},"11":{"loc":{"start":{"line":117,"column":12},"end":{"line":134,"column":13}},"type":"if","locations":[{"start":{"line":117,"column":12},"end":{"line":134,"column":13}},{"start":{"line":128,"column":19},"end":{"line":134,"column":13}}],"line":117},"12":{"loc":{"start":{"line":119,"column":14},"end":{"line":127,"column":15}},"type":"if","locations":[{"start":{"line":119,"column":14},"end":{"line":127,"column":15}},{"start":{"line":123,"column":21},"end":{"line":127,"column":15}}],"line":119},"13":{"loc":{"start":{"line":120,"column":36},"end":{"line":120,"column":92}},"type":"binary-expr","locations":[{"start":{"line":120,"column":36},"end":{"line":120,"column":63}},{"start":{"line":120,"column":67},"end":{"line":120,"column":92}}],"line":120},"14":{"loc":{"start":{"line":123,"column":21},"end":{"line":127,"column":15}},"type":"if","locations":[{"start":{"line":123,"column":21},"end":{"line":127,"column":15}},{"start":{"line":125,"column":21},"end":{"line":127,"column":15}}],"line":123},"15":{"loc":{"start":{"line":126,"column":65},"end":{"line":126,"column":116}},"type":"binary-expr","locations":[{"start":{"line":126,"column":65},"end":{"line":126,"column":92}},{"start":{"line":126,"column":96},"end":{"line":126,"column":116}}],"line":126},"16":{"loc":{"start":{"line":128,"column":19},"end":{"line":134,"column":13}},"type":"if","locations":[{"start":{"line":128,"column":19},"end":{"line":134,"column":13}},{"start":{"line":131,"column":19},"end":{"line":134,"column":13}}],"line":128},"17":{"loc":{"start":{"line":141,"column":10},"end":{"line":177,"column":11}},"type":"if","locations":[{"start":{"line":141,"column":10},"end":{"line":177,"column":11}},{"start":{"line":175,"column":17},"end":{"line":177,"column":11}}],"line":141},"18":{"loc":{"start":{"line":167,"column":14},"end":{"line":173,"column":15}},"type":"if","locations":[{"start":{"line":167,"column":14},"end":{"line":173,"column":15}},{"start":{"line":169,"column":21},"end":{"line":173,"column":15}}],"line":167},"19":{"loc":{"start":{"line":169,"column":21},"end":{"line":173,"column":15}},"type":"if","locations":[{"start":{"line":169,"column":21},"end":{"line":173,"column":15}},{"start":{"line":171,"column":21},"end":{"line":173,"column":15}}],"line":169},"20":{"loc":{"start":{"line":184,"column":8},"end":{"line":187,"column":9}},"type":"if","locations":[{"start":{"line":184,"column":8},"end":{"line":187,"column":9}},{"start":{},"end":{}}],"line":184},"21":{"loc":{"start":{"line":201,"column":13},"end":{"line":205,"column":13}},"type":"binary-expr","locations":[{"start":{"line":201,"column":13},"end":{"line":201,"column":24}},{"start":{"line":202,"column":14},"end":{"line":204,"column":22}}],"line":201},"22":{"loc":{"start":{"line":208,"column":15},"end":{"line":341,"column":15}},"type":"cond-expr","locations":[{"start":{"line":210,"column":16},"end":{"line":238,"column":19}},{"start":{"line":241,"column":16},"end":{"line":340,"column":19}}],"line":208},"23":{"loc":{"start":{"line":349,"column":17},"end":{"line":353,"column":36}},"type":"cond-expr","locations":[{"start":{"line":350,"column":20},"end":{"line":350,"column":43}},{"start":{"line":351,"column":20},"end":{"line":353,"column":36}}],"line":349},"24":{"loc":{"start":{"line":351,"column":20},"end":{"line":353,"column":36}},"type":"cond-expr","locations":[{"start":{"line":352,"column":22},"end":{"line":352,"column":32}},{"start":{"line":353,"column":22},"end":{"line":353,"column":36}}],"line":351}},"s":{"0":0,"1":0,"2":0,"3":0,"4":0,"5":0,"6":0,"7":0,"8":0,"9":0,"10":0,"11":0,"12":0,"13":0,"14":0,"15":0,"16":0,"17":0,"18":0,"19":0,"20":0,"21":0,"22":0,"23":0,"24":0,"25":0,"26":0,"27":0,"28":0,"29":0,"30":0,"31":0,"32":0,"33":0,"34":0,"35":0,"36":0,"37":0,"38":0,"39":0,"40":0,"41":0,"42":0,"43":0,"44":0,"45":0,"46":0,"47":0,"48":0,"49":0,"50":0,"51":0,"52":0,"53":0,"54":0,"55":0,"56":0,"57":0,"58":0,"59":0,"60":0,"61":0,"62":0,"63":0,"64":0,"65":0,"66":0,"67":0,"68":0,"69":0,"70":0,"71":0,"72":0,"73":0,"74":0,"75":0,"76":0,"77":0,"78":0,"79":0,"80":0,"81":0,"82":0,"83":0,"84":0,"85":0,"86":0,"87":0,"88":0,"89":0,"90":0,"91":0,"92":0,"93":0,"94":0,"95":0,"96":0,"97":0,"98":0,"99":0,"100":0,"101":0,"102":0},"f":{"0":0,"1":0,"2":0,"3":0,"4":0,"5":0,"6":0},"b":{"0":[0,0],"1":[0,0],"2":[0,0],"3":[0,0],"4":[0,0],"5":[0,0],"6":[0,0],"7":[0,0],"8":[0,0],"9":[0,0],"10":[0,0],"11":[0,0],"12":[0,0],"13":[0,0],"14":[0,0],"15":[0,0],"16":[0,0],"17":[0,0],"18":[0,0],"19":[0,0],"20":[0,0],"21":[0,0],"22":[0,0],"23":[0,0],"24":[0,0]}}
,"/Users/aeao/aeao-proiets/bloc3/frontend/src/pages/MFASetup.js": {"path":"/Users/aeao/aeao-proiets/bloc3/frontend/src/pages/MFASetup.js","statementMap":{"0":{"start":{"line":7,"column":17},"end":{"line":366,"column":1}},"1":{"start":{"line":8,"column":36},"end":{"line":8,"column":48}},"2":{"start":{"line":9,"column":30},"end":{"line":9,"column":42}},"3":{"start":{"line":10,"column":50},"end":{"line":10,"column":62}},"4":{"start":{"line":11,"column":28},"end":{"line":11,"column":42}},"5":{"start":{"line":12,"column":32},"end":{"line":12,"column":47}},"6":{"start":{"line":13,"column":36},"end":{"line":13,"column":50}},"7":{"start":{"line":14,"column":42},"end":{"line":14,"column":57}},"8":{"start":{"line":15,"column":44},"end":{"line":15,"column":56}},"9":{"start":{"line":16,"column":19},"end":{"line":16,"column":32}},"10":{"start":{"line":18,"column":2},"end":{"line":103,"column":9}},"11":{"start":{"line":20,"column":26},"end":{"line":100,"column":5}},"12":{"start":{"line":21,"column":6},"end":{"line":99,"column":7}},"13":{"start":{"line":22,"column":8},"end":{"line":22,"column":53}},"14":{"start":{"line":23,"column":22},"end":{"line":23,"column":56}},"15":{"start":{"line":24,"column":22},"end":{"line":24,"column":56}},"16":{"start":{"line":26,"column":8},"end":{"line":26,"column":62}},"17":{"start":{"line":27,"column":8},"end":{"line":27,"column":62}},"18":{"start":{"line":29,"column":8},"end":{"line":33,"column":9}},"19":{"start":{"line":30,"column":10},"end":{"line":30,"column":98}},"20":{"start":{"line":31,"column":10},"end":{"line":31,"column":30}},"21":{"start":{"line":32,"column":10},"end":{"line":32,"column":17}},"22":{"start":{"line":36,"column":35},"end":{"line":42,"column":9}},"23":{"start":{"line":37,"column":21},"end":{"line":37,"column":23}},"24":{"start":{"line":38,"column":10},"end":{"line":40,"column":11}},"25":{"start":{"line":38,"column":23},"end":{"line":38,"column":24}},"26":{"start":{"line":39,"column":12},"end":{"line":39,"column":51}},"27":{"start":{"line":41,"column":10},"end":{"line":41,"column":22}},"28":{"start":{"line":44,"column":24},"end":{"line":44,"column":44}},"29":{"start":{"line":45,"column":8},"end":{"line":45,"column":37}},"30":{"start":{"line":46,"column":8},"end":{"line":46,"column":34}},"31":{"start":{"line":47,"column":8},"end":{"line":47,"column":49}},"32":{"start":{"line":50,"column":24},"end":{"line":52,"column":9}},"33":{"start":{"line":55,"column":8},"end":{"line":92,"column":9}},"34":{"start":{"line":56,"column":10},"end":{"line":56,"column":63}},"35":{"start":{"line":58,"column":27},"end":{"line":62,"column":12}},"36":{"start":{"line":64,"column":10},"end":{"line":64,"column":65}},"37":{"start":{"line":66,"column":10},"end":{"line":81,"column":11}},"38":{"start":{"line":67,"column":12},"end":{"line":67,"column":44}},"39":{"start":{"line":68,"column":12},"end":{"line":68,"column":131}},"40":{"start":{"line":71,"column":12},"end":{"line":80,"column":13}},"41":{"start":{"line":72,"column":14},"end":{"line":72,"column":83}},"42":{"start":{"line":73,"column":14},"end":{"line":73,"column":62}},"43":{"start":{"line":76,"column":14},"end":{"line":76,"column":59}},"44":{"start":{"line":78,"column":14},"end":{"line":78,"column":92}},"45":{"start":{"line":83,"column":10},"end":{"line":83,"column":53}},"46":{"start":{"line":85,"column":29},"end":{"line":85,"column":47}},"47":{"start":{"line":86,"column":28},"end":{"line":86,"column":197}},"48":{"start":{"line":88,"column":10},"end":{"line":88,"column":66}},"49":{"start":{"line":89,"column":10},"end":{"line":89,"column":32}},"50":{"start":{"line":90,"column":10},"end":{"line":90,"column":34}},"51":{"start":{"line":94,"column":8},"end":{"line":94,"column":28}},"52":{"start":{"line":96,"column":8},"end":{"line":96,"column":81}},"53":{"start":{"line":97,"column":8},"end":{"line":97,"column":101}},"54":{"start":{"line":98,"column":8},"end":{"line":98,"column":28}},"55":{"start":{"line":102,"column":4},"end":{"line":102,"column":20}},"56":{"start":{"line":105,"column":39},"end":{"line":108,"column":3}},"57":{"start":{"line":106,"column":4},"end":{"line":106,"column":40}},"58":{"start":{"line":107,"column":4},"end":{"line":107,"column":19}},"59":{"start":{"line":110,"column":23},"end":{"line":188,"column":3}},"60":{"start":{"line":111,"column":4},"end":{"line":111,"column":23}},"61":{"start":{"line":113,"column":4},"end":{"line":116,"column":5}},"62":{"start":{"line":114,"column":6},"end":{"line":114,"column":59}},"63":{"start":{"line":115,"column":6},"end":{"line":115,"column":13}},"64":{"start":{"line":118,"column":4},"end":{"line":121,"column":5}},"65":{"start":{"line":119,"column":6},"end":{"line":119,"column":52}},"66":{"start":{"line":120,"column":6},"end":{"line":120,"column":13}},"67":{"start":{"line":123,"column":4},"end":{"line":123,"column":26}},"68":{"start":{"line":125,"column":4},"end":{"line":187,"column":5}},"69":{"start":{"line":130,"column":20},"end":{"line":130,"column":54}},"70":{"start":{"line":132,"column":6},"end":{"line":134,"column":7}},"71":{"start":{"line":133,"column":8},"end":{"line":133,"column":69}},"72":{"start":{"line":138,"column":23},"end":{"line":138,"column":78}},"73":{"start":{"line":141,"column":24},"end":{"line":141,"column":45}},"74":{"start":{"line":142,"column":6},"end":{"line":142,"column":42}},"75":{"start":{"line":143,"column":6},"end":{"line":143,"column":45}},"76":{"start":{"line":145,"column":6},"end":{"line":145,"column":76}},"77":{"start":{"line":147,"column":23},"end":{"line":147,"column":57}},"78":{"start":{"line":149,"column":6},"end":{"line":181,"column":7}},"79":{"start":{"line":151,"column":8},"end":{"line":151,"column":66}},"80":{"start":{"line":152,"column":8},"end":{"line":152,"column":71}},"81":{"start":{"line":153,"column":8},"end":{"line":153,"column":65}},"82":{"start":{"line":154,"column":8},"end":{"line":154,"column":50}},"83":{"start":{"line":155,"column":8},"end":{"line":155,"column":52}},"84":{"start":{"line":158,"column":8},"end":{"line":158,"column":46}},"85":{"start":{"line":159,"column":8},"end":{"line":159,"column":49}},"86":{"start":{"line":161,"column":8},"end":{"line":161,"column":25}},"87":{"start":{"line":164,"column":8},"end":{"line":164,"column":54}},"88":{"start":{"line":167,"column":8},"end":{"line":178,"column":17}},"89":{"start":{"line":168,"column":29},"end":{"line":168,"column":75}},"90":{"start":{"line":169,"column":26},"end":{"line":169,"column":69}},"91":{"start":{"line":171,"column":10},"end":{"line":177,"column":11}},"92":{"start":{"line":172,"column":12},"end":{"line":172,"column":44}},"93":{"start":{"line":173,"column":17},"end":{"line":177,"column":11}},"94":{"start":{"line":174,"column":12},"end":{"line":174,"column":41}},"95":{"start":{"line":176,"column":12},"end":{"line":176,"column":26}},"96":{"start":{"line":180,"column":8},"end":{"line":180,"column":62}},"97":{"start":{"line":183,"column":6},"end":{"line":183,"column":68}},"98":{"start":{"line":184,"column":6},"end":{"line":184,"column":88}},"99":{"start":{"line":186,"column":6},"end"
[...]
,"/Users/aeao/aeao-proiets/bloc3/frontend/src/pages/ValidationHistory.js": {"path":"/Users/aeao/aeao-proiets/bloc3/frontend/src/pages/ValidationHistory.js","statementMap":{"0":{"start":{"line":5,"column":26},"end":{"line":199,"column":1}},"1":{"start":{"line":6,"column":40},"end":{"line":6,"column":52}},"2":{"start":{"line":7,"column":32},"end":{"line":7,"column":46}},"3":{"start":{"line":8,"column":30},"end":{"line":8,"column":45}},"4":{"start":{"line":9,"column":19},"end":{"line":9,"column":32}},"5":{"start":{"line":11,"column":2},"end":{"line":47,"column":17}},"6":{"start":{"line":13,"column":23},"end":{"line":13,"column":69}},"7":{"start":{"line":15,"column":4},"end":{"line":18,"column":5}},"8":{"start":{"line":16,"column":6},"end":{"line":16,"column":20}},"9":{"start":{"line":17,"column":6},"end":{"line":17,"column":13}},"10":{"start":{"line":21,"column":28},"end":{"line":44,"column":5}},"11":{"start":{"line":22,"column":6},"end":{"line":22,"column":23}},"12":{"start":{"line":24,"column":6},"end":{"line":43,"column":7}},"13":{"start":{"line":27,"column":8},"end":{"line":27,"column":64}},"14":{"start":{"line":27,"column":37},"end":{"line":27,"column":62}},"15":{"start":{"line":29,"column":24},"end":{"line":29,"column":86}},"16":{"start":{"line":32,"column":8},"end":{"line":38,"column":9}},"17":{"start":{"line":33,"column":27},"end":{"line":33,"column":45}},"18":{"start":{"line":34,"column":10},"end":{"line":34,"column":79}},"19":{"start":{"line":35,"column":10},"end":{"line":35,"column":35}},"20":{"start":{"line":37,"column":10},"end":{"line":37,"column":34}},"21":{"start":{"line":40,"column":8},"end":{"line":40,"column":75}},"22":{"start":{"line":42,"column":8},"end":{"line":42,"column":26}},"23":{"start":{"line":46,"column":4},"end":{"line":46,"column":22}},"24":{"start":{"line":50,"column":27},"end":{"line":85,"column":3}},"25":{"start":{"line":51,"column":19},"end":{"line":57,"column":5}},"26":{"start":{"line":59,"column":18},"end":{"line":65,"column":5}},"27":{"start":{"line":67,"column":21},"end":{"line":67,"column":23}},"28":{"start":{"line":69,"column":4},"end":{"line":82,"column":5}},"29":{"start":{"line":69,"column":17},"end":{"line":69,"column":18}},"30":{"start":{"line":70,"column":19},"end":{"line":70,"column":29}},"31":{"start":{"line":71,"column":6},"end":{"line":71,"column":70}},"32":{"start":{"line":73,"column":6},"end":{"line":81,"column":9}},"33":{"start":{"line":84,"column":4},"end":{"line":84,"column":20}},"34":{"start":{"line":87,"column":21},"end":{"line":90,"column":3}},"35":{"start":{"line":88,"column":20},"end":{"line":88,"column":106}},"36":{"start":{"line":89,"column":4},"end":{"line":89,"column":69}},"37":{"start":{"line":92,"column":29},"end":{"line":94,"column":3}},"38":{"start":{"line":93,"column":4},"end":{"line":93,"column":30}},"39":{"start":{"line":96,"column":30},"end":{"line":100,"column":44}},"40":{"start":{"line":99,"column":32},"end":{"line":99,"column":42}},"41":{"start":{"line":100,"column":32},"end":{"line":100,"column":43}},"42":{"start":{"line":102,"column":2},"end":{"line":198,"column":4}},"43":{"start":{"line":117,"column":47},"end":{"line":117,"column":57}},"44":{"start":{"line":121,"column":47},"end":{"line":121,"column":58}},"45":{"start":{"line":162,"column":18},"end":{"line":174,"column":23}},"46":{"start":{"line":185,"column":25},"end":{"line":185,"column":52}},"47":{"start":{"line":191,"column":25},"end":{"line":191,"column":56}}},"fnMap":{"0":{"name":"(anonymous_0)","decl":{"start":{"line":5,"column":26},"end":{"line":5,"column":27}},"loc":{"start":{"line":5,"column":32},"end":{"line":199,"column":1}},"line":5},"1":{"name":"(anonymous_1)","decl":{"start":{"line":11,"column":12},"end":{"line":11,"column":13}},"loc":{"start":{"line":11,"column":18},"end":{"line":47,"column":3}},"line":11},"2":{"name":"(anonymous_2)","decl":{"start":{"line":21,"column":28},"end":{"line":21,"column":29}},"loc":{"start":{"line":21,"column":40},"end":{"line":44,"column":5}},"line":21},"3":{"name":"(anonymous_3)","decl":{"start":{"line":27,"column":26},"end":{"line":27,"column":27}},"loc":{"start":{"line":27,"column":37},"end":{"line":27,"column":62}},"line":27},"4":{"name":"(anonymous_4)","decl":{"start":{"line":50,"column":27},"end":{"line":50,"column":28}},"loc":{"start":{"line":50,"column":33},"end":{"line":85,"column":3}},"line":50},"5":{"name":"(anonymous_5)","decl":{"start":{"line":87,"column":21},"end":{"line":87,"column":22}},"loc":{"start":{"line":87,"column":37},"end":{"line":90,"column":3}},"line":87},"6":{"name":"(anonymous_6)","decl":{"start":{"line":92,"column":29},"end":{"line":92,"column":30}},"loc":{"start":{"line":92,"column":36},"end":{"line":94,"column":3}},"line":92},"7":{"name":"(anonymous_7)","decl":{"start":{"line":99,"column":27},"end":{"line":99,"column":28}},"loc":{"start":{"line":99,"column":32},"end":{"line":99,"column":42}},"line":99},"8":{"name":"(anonymous_8)","decl":{"start":{"line":100,"column":27},"end":{"line":100,"column":28}},"loc":{"start":{"line":100,"column":32},"end":{"line":100,"column":43}},"line":100},"9":{"name":"(anonymous_9)","decl":{"start":{"line":117,"column":42},"end":{"line":117,"column":43}},"loc":{"start":{"line":117,"column":47},"end":{"line":117,"column":57}},"line":117},"10":{"name":"(anonymous_10)","decl":{"start":{"line":121,"column":42},"end":{"line":121,"column":43}},"loc":{"start":{"line":121,"column":47},"end":{"line":121,"column":58}},"line":121},"11":{"name":"(anonymous_11)","decl":{"start":{"line":161,"column":41},"end":{"line":161,"column":42}},"loc":{"start":{"line":162,"column":18},"end":{"line":174,"column":23}},"line":162},"12":{"name":"(anonymous_12)","decl":{"start":{"line":185,"column":19},"end":{"line":185,"column":20}},"loc":{"start":{"line":185,"column":25},"end":{"line":185,"column":52}},"line":185},"13":{"name":"(anonymous_13)","decl":{"start":{"line":191,"column":19},"end":{"line":191,"column":20}},"loc":{"start":{"line":191,"column":25},"end":{"line":191,"column":56}},"line":191}},"branchMap":{"0":{"loc":{"start":{"line":15,"column":4},"end":{"line":18,"column":5}},"type":"if","locations":[{"start":{"line":15,"column":4},"end":{"line":18,"column":5}},{"start":{},"end":{}}],"line":15},"1":{"loc":{"start":{"line":29,"column":35},"end":{"line":29,"column":85}},"type":"binary-expr","locations":[{"start":{"line":29,"column":35},"end":{"line":29,"column":77}},{"start":{"line":29,"column":81},"end":{"line":29,"column":85}}],"line":29},"2":{"loc":{"start":{"line":32,"column":8},"end":{"line":38,"column":9}},"type":"if","locations":[{"start":{"line":32,"column":8},"end":{"line":38,"column":9}},{"start":{"line":36,"column":15},"end":{"line":38,"column":9}}],"line":32},"3":{"loc":{"start":{"line":96,"column":30},"end":{"line":100,"column":44}},"type":"cond-expr","locations":[{"start":{"line":97,"column":6},"end":{"line":97,"column":17}},{"start":{"line":98,"column":6},"end":{"line":100,"column":44}}],"line":96},"4":{"loc":{"start":{"line":98,"column":6},"end":{"line":100,"column":44}},"type":"cond-expr","locations":[{"start":{"line":99,"column":8},"end":{"line":99,"column":43}},{"start":{"line":100,"column":8},"end":{"line":100,"column":44}}],"line":98},"5":{"loc":{"start":{"line":143,"column":7},"end":{"line":180,"column":7}},"type":"cond-expr","locations":[{"start":{"line":144,"column":8},"end":{"line":144,"column":83}},{"start":{"line":145,"column":10},"end":{"line":180,"column":7}}],"line":143},"6":{"loc":{"start":{"line":145,"column":10},"end":{"line":180,"column":7}},"type":"cond-expr","locations":[{"start":{"line":146,"column":8},"end":{"line":146,"column":82}},{"start":{"line":148,"column":8},"end":{"line":179,"column":15}}],"line":145},"7":{"loc":{"start":{"line":168,"column":23},"end":{"line":172,"column":23}},"type":"cond-expr","locations":[{"start":{"line":169,"column":24},"end":{"line":169,"column":58}},{"start":{"line":171,"column":24},"end":{"line":171,"column":59}}],"line":168}},"s":{"0":0,"1":0,"2":0,"3":0,"4":0,"5":0,"6":0,"7":0,"8":0,"9":0,"10":0,"11":0,"12":0,"13":0,"14":0,"15":0,"16":0,"17":0,"18":0,"19":0,"20":0,"21":0,"22":0,"23":0,"24":0,"25":0,"26":0,"27":0,"28":0,"29":0,"30":0,"31":0,"32":0,"33":0,"34":0,"35":0,"36":0,"37":0,"38":0,"39":0,"40":0,"41":0,"42":0,"43":0,"44":0,"45":0,"46":0,"47":0},"f":{"0":0,"1":0,"2":0,"3":0,"4":0,"5":0,"6":0,"7":0,"8":0,"9":0,"10":0,"11":0,"12":0,"13":0},"b":{"0":[0,0],"1":[0,0],"2":[0,0],"3":[0,0],"4":[0,0],"5":[0,0],"6":[0,0],"7":[0,0]}}
,"/Users/aeao/aeao-proiets/bloc3/frontend/src/services/api.js": {"path":"/Users/aeao/aeao-proiets/bloc3/frontend/src/services/api.js","statementMap":{"0":{"start":{"line":4,"column":27},"end":{"line":19,"column":1}},"1":{"start":{"line":5,"column":26},"end":{"line":5,"column":61}},"2":{"start":{"line":7,"column":4},"end":{"line":7,"column":72}},"3":{"start":{"line":8,"column":4},"end":{"line":12,"column":7}},"4":{"start":{"line":14,"column":18},"end":{"line":14,"column":44}},"5":{"start":{"line":15,"column":24},"end":{"line":15,"column":62}},"6":{"start":{"line":16,"column":24},"end":{"line":16,"column":48}},"7":{"start":{"line":17,"column":31},"end":{"line":17,"column":65}},"8":{"start":{"line":18,"column":36},"end":{"line":18,"column":91}},"9":{"start":{"line":22,"column":29},"end":{"line":29,"column":1}},"10":{"start":{"line":23,"column":19},"end":{"line":23,"column":43}},"11":{"start":{"line":24,"column":25},"end":{"line":24,"column":60}},"12":{"start":{"line":25,"column":32},"end":{"line":25,"column":71}},"13":{"start":{"line":26,"column":30},"end":{"line":26,"column":70}},"14":{"start":{"line":27,"column":27},"end":{"line":27,"column":64}},"15":{"start":{"line":28,"column":33},"end":{"line":28,"column":77}},"16":{"start":{"line":32,"column":28},"end":{"line":39,"column":1}},"17":{"start":{"line":33,"column":19},"end":{"line":33,"column":43}},"18":{"start":{"line":34,"column":30},"end":{"line":34,"column":66}},"19":{"start":{"line":35,"column":39},"end":{"line":35,"column":84}},"20":{"start":{"line":36,"column":28},"end":{"line":36,"column":65}},"21":{"start":{"line":37,"column":25},"end":{"line":37,"column":48}},"22":{"start":{"line":38,"column":30},"end":{"line":38,"column":63}},"23":{"start":{"line":42,"column":33},"end":{"line":46,"column":1}},"24":{"start":{"line":43,"column":38},"end":{"line":43,"column":85}},"25":{"start":{"line":44,"column":24},"end":{"line":44,"column":58}},"26":{"start":{"line":45,"column":42},"end":{"line":45,"column":98}}},"fnMap":{"0":{"name":"(anonymous_0)","decl":{"start":{"line":5,"column":12},"end":{"line":5,"column":13}},"loc":{"start":{"line":5,"column":26},"end":{"line":5,"column":61}},"line":5},"1":{"name":"(anonymous_1)","decl":{"start":{"line":6,"column":9},"end":{"line":6,"column":10}},"loc":{"start":{"line":6,"column":26},"end":{"line":13,"column":3}},"line":6},"2":{"name":"(anonymous_2)","decl":{"start":{"line":14,"column":12},"end":{"line":14,"column":13}},"loc":{"start":{"line":14,"column":18},"end":{"line":14,"column":44}},"line":14},"3":{"name":"(anonymous_3)","decl":{"start":{"line":15,"column":13},"end":{"line":15,"column":14}},"loc":{"start":{"line":15,"column":24},"end":{"line":15,"column":62}},"line":15},"4":{"name":"(anonymous_4)","decl":{"start":{"line":16,"column":18},"end":{"line":16,"column":19}},"loc":{"start":{"line":16,"column":24},"end":{"line":16,"column":48}},"line":16},"5":{"name":"(anonymous_5)","decl":{"start":{"line":17,"column":17},"end":{"line":17,"column":18}},"loc":{"start":{"line":17,"column":31},"end":{"line":17,"column":65}},"line":17},"6":{"name":"(anonymous_6)","decl":{"start":{"line":18,"column":18},"end":{"line":18,"column":19}},"loc":{"start":{"line":18,"column":36},"end":{"line":18,"column":91}},"line":18},"7":{"name":"(anonymous_7)","decl":{"start":{"line":23,"column":13},"end":{"line":23,"column":14}},"loc":{"start":{"line":23,"column":19},"end":{"line":23,"column":43}},"line":23},"8":{"name":"(anonymous_8)","decl":{"start":{"line":24,"column":12},"end":{"line":24,"column":13}},"loc":{"start":{"line":24,"column":25},"end":{"line":24,"column":60}},"line":24},"9":{"name":"(anonymous_9)","decl":{"start":{"line":25,"column":16},"end":{"line":25,"column":17}},"loc":{"start":{"line":25,"column":32},"end":{"line":25,"column":71}},"line":25},"10":{"name":"(anonymous_10)","decl":{"start":{"line":26,"column":18},"end":{"line":26,"column":19}},"loc":{"start":{"line":26,"column":30},"end":{"line":26,"column":70}},"line":26},"11":{"name":"(anonymous_11)","decl":{"start":{"line":27,"column":13},"end":{"line":27,"column":14}},"loc":{"start":{"line":27,"column":27},"end":{"line":27,"column":64}},"line":27},"12":{"name":"(anonymous_12)","decl":{"start":{"line":28,"column":19},"end":{"line":28,"column":20}},"loc":{"start":{"line":28,"column":33},"end":{"line":28,"column":77}},"line":28},"13":{"name":"(anonymous_13)","decl":{"start":{"line":33,"column":13},"end":{"line":33,"column":14}},"loc":{"start":{"line":33,"column":19},"end":{"line":33,"column":43}},"line":33},"14":{"name":"(anonymous_14)","decl":{"start":{"line":34,"column":15},"end":{"line":34,"column":16}},"loc":{"start":{"line":34,"column":30},"end":{"line":34,"column":66}},"line":34},"15":{"name":"(anonymous_15)","decl":{"start":{"line":35,"column":15},"end":{"line":35,"column":16}},"loc":{"start":{"line":35,"column":39},"end":{"line":35,"column":84}},"line":35},"16":{"name":"(anonymous_16)","decl":{"start":{"line":36,"column":15},"end":{"line":36,"column":16}},"loc":{"start":{"line":36,"column":28},"end":{"line":36,"column":65}},"line":36},"17":{"name":"(anonymous_17)","decl":{"start":{"line":37,"column":19},"end":{"line":37,"column":20}},"loc":{"start":{"line":37,"column":25},"end":{"line":37,"column":48}},"line":37},"18":{"name":"(anonymous_18)","decl":{"start":{"line":38,"column":17},"end":{"line":38,"column":18}},"loc":{"start":{"line":38,"column":30},"end":{"line":38,"column":63}},"line":38},"19":{"name":"(anonymous_19)","decl":{"start":{"line":43,"column":18},"end":{"line":43,"column":19}},"loc":{"start":{"line":43,"column":38},"end":{"line":43,"column":85}},"line":43},"20":{"name":"(anonymous_20)","decl":{"start":{"line":44,"column":18},"end":{"line":44,"column":19}},"loc":{"start":{"line":44,"column":24},"end":{"line":44,"column":58}},"line":44},"21":{"name":"(anonymous_21)","decl":{"start":{"line":45,"column":26},"end":{"line":45,"column":27}},"loc":{"start":{"line":45,"column":42},"end":{"line":45,"column":98}},"line":45}},"branchMap":{},"s":{"0":1,"1":1,"2":1,"3":1,"4":1,"5":1,"6":1,"7":1,"8":1,"9":1,"10":1,"11":1,"12":1,"13":1,"14":1,"15":1,"16":1,"17":1,"18":1,"19":1,"20":1,"21":1,"22":1,"23":1,"24":1,"25":1,"26":1},"f":{"0":1,"1":1,"2":1,"3":1,"4":1,"5":1,"6":1,"7":1,"8":1,"9":1,"10":1,"11":1,"12":1,"13":1,"14":1,"15":1,"16":1,"17":1,"18":1,"19":1,"20":1,"21":1},"b":{},"_coverageSchema":"1a1c01bbd47fc00a2c39e90264f33305004495a9","hash":"7319f9608f5a03ea0b66e313bc1663e5bf0c1bc5"}
,"/Users/aeao/aeao-proiets/bloc3/frontend/src/services/apiConfig.js": {"path":"/Users/aeao/aeao-proiets/bloc3/frontend/src/services/apiConfig.js","statementMap":{"0":{"start":{"line":4,"column":26},"end":{"line":47,"column":1}},"1":{"start":{"line":5,"column":19},"end":{"line":10,"column":4}},"2":{"start":{"line":13,"column":2},"end":{"line":24,"column":4}},"3":{"start":{"line":15,"column":20},"end":{"line":15,"column":49}},"4":{"start":{"line":16,"column":6},"end":{"line":18,"column":7}},"5":{"start":{"line":17,"column":8},"end":{"line":17,"column":57}},"6":{"start":{"line":19,"column":6},"end":{"line":19,"column":20}},"7":{"start":{"line":22,"column":6},"end":{"line":22,"column":35}},"8":{"start":{"line":27,"column":2},"end":{"line":44,"column":4}},"9":{"start":{"line":29,"column":6},"end":{"line":29,"column":22}},"10":{"start":{"line":34,"column":6},"end":{"line":41,"column":7}},"11":{"start":{"line":35,"column":28},"end":{"line":35,"column":105}},"12":{"start":{"line":37,"column":8},"end":{"line":40,"column":9}},"13":{"start":{"line":38,"column":10},"end":{"line":38,"column":43}},"14":{"start":{"line":39,"column":10},"end":{"line":39,"column":42}},"15":{"start":{"line":42,"column":6},"end":{"line":42,"column":35}},"16":{"start":{"line":46,"column":2},"end":{"line":46,"column":18}},"17":{"start":{"line":50,"column":20},"end":{"line":50,"column":44}},"18":{"start":{"line":54,"column":22},"end":{"line":54,"column":50}},"19":{"start":{"line":57,"column":23},"end":{"line":57,"column":65}},"20":{"start":{"line":58,"column":25},"end":{"line":58,"column":70}},"21":{"start":{"line":59,"column":24},"end":{"line":59,"column":67}},"22":{"start":{"line":60,"column":29},"end":{"line":60,"column":77}}},"fnMap":{"0":{"name":"(anonymous_0)","decl":{"start":{"line":4,"column":26},"end":{"line":4,"column":27}},"loc":{"start":{"line":4,"column":39},"end":{"line":47,"column":1}},"line":4},"1":{"name":"(anonymous_1)","decl":{"start":{"line":14,"column":4},"end":{"line":14,"column":5}},"loc":{"start":{"line":14,"column":16},"end":{"line":20,"column":5}},"line":14},"2":{"name":"(anonymous_2)","decl":{"start":{"line":21,"column":4},"end":{"line":21,"column":5}},"loc":{"start":{"line":21,"column":15},"end":{"line":23,"column":5}},"line":21},"3":{"name":"(anonymous_3)","decl":{"start":{"line":28,"column":4},"end":{"line":28,"column":5}},"loc":{"start":{"line":28,"column":18},"end":{"line":30,"column":5}},"line":28},"4":{"name":"(anonymous_4)","decl":{"start":{"line":31,"column":4},"end":{"line":31,"column":5}},"loc":{"start":{"line":31,"column":15},"end":{"line":43,"column":5}},"line":31}},"branchMap":{"0":{"loc":{"start":{"line":16,"column":6},"end":{"line":18,"column":7}},"type":"if","locations":[{"start":{"line":16,"column":6},"end":{"line":18,"column":7}},{"start":{},"end":{}}],"line":16},"1":{"loc":{"start":{"line":34,"column":6},"end":{"line":41,"column":7}},"type":"if","locations":[{"start":{"line":34,"column":6},"end":{"line":41,"column":7}},{"start":{},"end":{}}],"line":34},"2":{"loc":{"start":{"line":34,"column":10},"end":{"line":34,"column":57}},"type":"binary-expr","locations":[{"start":{"line":34,"column":10},"end":{"line":34,"column":24}},{"start":{"line":34,"column":28},"end":{"line":34,"column":57}}],"line":34},"3":{"loc":{"start":{"line":35,"column":28},"end":{"line":35,"column":105}},"type":"binary-expr","locations":[{"start":{"line":35,"column":28},"end":{"line":35,"column":63}},{"start":{"line":35,"column":67},"end":{"line":35,"column":105}}],"line":35},"4":{"loc":{"start":{"line":37,"column":8},"end":{"line":40,"column":9}},"type":"if","locations":[{"start":{"line":37,"column":8},"end":{"line":40,"column":9}},{"start":{},"end":{}}],"line":37}},"s":{"0":2,"1":8,"2":8,"3":0,"4":0,"5":0,"6":0,"7":0,"8":8,"9":0,"10":0,"11":0,"12":0,"13":0,"14":0,"15":0,"16":8,"17":2,"18":2,"19":2,"20":2,"21":2,"22":2},"f":{"0":8,"1":0,"2":0,"3":0,"4":0},"b":{"0":[0,0],"1":[0,0],"2":[0,0],"3":[0,0],"4":[0,0]},"_coverageSchema":"1a1c01bbd47fc00a2c39e90264f33305004495a9","hash":"632d7ce6624d23ba2deeac0d288b6058b68a2617"}
}
